{"/Users/rxluz/Documents/GitHub/booksys/src/index.js": {"path":"/Users/rxluz/Documents/GitHub/booksys/src/index.js","statementMap":{"0":{"start":{"line":18,"column":29},"end":{"line":18,"column":45}},"1":{"start":{"line":20,"column":0},"end":{"line":37,"column":1}},"2":{"start":{"line":39,"column":0},"end":{"line":39,"column":26}},"3":{"start":{"line":41,"column":0},"end":{"line":46,"column":8}},"4":{"start":{"line":42,"column":2},"end":{"line":42,"column":17}},"5":{"start":{"line":44,"column":2},"end":{"line":44,"column":69}},"6":{"start":{"line":45,"column":2},"end":{"line":45,"column":70}}},"fnMap":{"0":{"name":"(anonymous_0)","decl":{"start":{"line":41,"column":11},"end":{"line":41,"column":12}},"loc":{"start":{"line":41,"column":17},"end":{"line":46,"column":1}},"line":41}},"branchMap":{},"s":{"0":0,"1":0,"2":0,"3":0,"4":0,"5":0,"6":0},"f":{"0":0},"b":{},"hash":"669dbaf2cabd694dcc11353fe019991dae2eda0d"}
,"/Users/rxluz/Documents/GitHub/booksys/src/serviceWorker.js": {"path":"/Users/rxluz/Documents/GitHub/booksys/src/serviceWorker.js","statementMap":{"0":{"start":{"line":13,"column":20},"end":{"line":21,"column":1}},"1":{"start":{"line":24,"column":2},"end":{"line":54,"column":3}},"2":{"start":{"line":26,"column":22},"end":{"line":26,"column":75}},"3":{"start":{"line":27,"column":4},"end":{"line":32,"column":5}},"4":{"start":{"line":31,"column":6},"end":{"line":31,"column":13}},"5":{"start":{"line":34,"column":4},"end":{"line":53,"column":7}},"6":{"start":{"line":35,"column":20},"end":{"line":35,"column":65}},"7":{"start":{"line":37,"column":6},"end":{"line":52,"column":7}},"8":{"start":{"line":39,"column":8},"end":{"line":39,"column":47}},"9":{"start":{"line":43,"column":8},"end":{"line":48,"column":11}},"10":{"start":{"line":44,"column":10},"end":{"line":47,"column":12}},"11":{"start":{"line":51,"column":8},"end":{"line":51,"column":39}},"12":{"start":{"line":58,"column":2},"end":{"line":98,"column":7}},"13":{"start":{"line":61,"column":6},"end":{"line":94,"column":8}},"14":{"start":{"line":62,"column":33},"end":{"line":62,"column":56}},"15":{"start":{"line":63,"column":8},"end":{"line":65,"column":9}},"16":{"start":{"line":64,"column":10},"end":{"line":64,"column":17}},"17":{"start":{"line":66,"column":8},"end":{"line":93,"column":10}},"18":{"start":{"line":67,"column":10},"end":{"line":92,"column":11}},"19":{"start":{"line":68,"column":12},"end":{"line":91,"column":13}},"20":{"start":{"line":72,"column":14},"end":{"line":75,"column":16}},"21":{"start":{"line":78,"column":14},"end":{"line":80,"column":15}},"22":{"start":{"line":79,"column":16},"end":{"line":79,"column":46}},"23":{"start":{"line":85,"column":14},"end":{"line":85,"column":64}},"24":{"start":{"line":88,"column":14},"end":{"line":90,"column":15}},"25":{"start":{"line":89,"column":16},"end":{"line":89,"column":47}},"26":{"start":{"line":97,"column":6},"end":{"line":97,"column":72}},"27":{"start":{"line":103,"column":2},"end":{"line":128,"column":7}},"28":{"start":{"line":108,"column":26},"end":{"line":108,"column":62}},"29":{"start":{"line":109,"column":6},"end":{"line":122,"column":7}},"30":{"start":{"line":114,"column":8},"end":{"line":118,"column":11}},"31":{"start":{"line":115,"column":10},"end":{"line":117,"column":13}},"32":{"start":{"line":116,"column":12},"end":{"line":116,"column":37}},"33":{"start":{"line":121,"column":8},"end":{"line":121,"column":39}},"34":{"start":{"line":125,"column":6},"end":{"line":127,"column":8}},"35":{"start":{"line":132,"column":2},"end":{"line":140,"column":3}},"36":{"start":{"line":133,"column":4},"end":{"line":139,"column":9}},"37":{"start":{"line":135,"column":8},"end":{"line":135,"column":34}},"38":{"start":{"line":138,"column":8},"end":{"line":138,"column":37}}},"fnMap":{"0":{"name":"register","decl":{"start":{"line":23,"column":16},"end":{"line":23,"column":24}},"loc":{"start":{"line":23,"column":33},"end":{"line":55,"column":1}},"line":23},"1":{"name":"(anonymous_1)","decl":{"start":{"line":34,"column":36},"end":{"line":34,"column":37}},"loc":{"start":{"line":34,"column":42},"end":{"line":53,"column":5}},"line":34},"2":{"name":"(anonymous_2)","decl":{"start":{"line":43,"column":43},"end":{"line":43,"column":44}},"loc":{"start":{"line":43,"column":49},"end":{"line":48,"column":9}},"line":43},"3":{"name":"registerValidSW","decl":{"start":{"line":57,"column":9},"end":{"line":57,"column":24}},"loc":{"start":{"line":57,"column":40},"end":{"line":99,"column":1}},"line":57},"4":{"name":"(anonymous_4)","decl":{"start":{"line":60,"column":10},"end":{"line":60,"column":11}},"loc":{"start":{"line":60,"column":26},"end":{"line":95,"column":5}},"line":60},"5":{"name":"(anonymous_5)","decl":{"start":{"line":61,"column":35},"end":{"line":61,"column":36}},"loc":{"start":{"line":61,"column":41},"end":{"line":94,"column":7}},"line":61},"6":{"name":"(anonymous_6)","decl":{"start":{"line":66,"column":41},"end":{"line":66,"column":42}},"loc":{"start":{"line":66,"column":47},"end":{"line":93,"column":9}},"line":66},"7":{"name":"(anonymous_7)","decl":{"start":{"line":96,"column":11},"end":{"line":96,"column":12}},"loc":{"start":{"line":96,"column":20},"end":{"line":98,"column":5}},"line":96},"8":{"name":"checkValidServiceWorker","decl":{"start":{"line":101,"column":9},"end":{"line":101,"column":32}},"loc":{"start":{"line":101,"column":48},"end":{"line":129,"column":1}},"line":101},"9":{"name":"(anonymous_9)","decl":{"start":{"line":106,"column":10},"end":{"line":106,"column":11}},"loc":{"start":{"line":106,"column":22},"end":{"line":123,"column":5}},"line":106},"10":{"name":"(anonymous_10)","decl":{"start":{"line":114,"column":43},"end":{"line":114,"column":44}},"loc":{"start":{"line":114,"column":59},"end":{"line":118,"column":9}},"line":114},"11":{"name":"(anonymous_11)","decl":{"start":{"line":115,"column":41},"end":{"line":115,"column":42}},"loc":{"start":{"line":115,"column":47},"end":{"line":117,"column":11}},"line":115},"12":{"name":"(anonymous_12)","decl":{"start":{"line":124,"column":11},"end":{"line":124,"column":12}},"loc":{"start":{"line":124,"column":17},"end":{"line":128,"column":5}},"line":124},"13":{"name":"unregister","decl":{"start":{"line":131,"column":16},"end":{"line":131,"column":26}},"loc":{"start":{"line":131,"column":29},"end":{"line":141,"column":1}},"line":131},"14":{"name":"(anonymous_14)","decl":{"start":{"line":134,"column":12},"end":{"line":134,"column":13}},"loc":{"start":{"line":134,"column":28},"end":{"line":136,"column":7}},"line":134},"15":{"name":"(anonymous_15)","decl":{"start":{"line":137,"column":13},"end":{"line":137,"column":14}},"loc":{"start":{"line":137,"column":22},"end":{"line":139,"column":7}},"line":137}},"branchMap":{"0":{"loc":{"start":{"line":14,"column":2},"end":{"line":20,"column":5}},"type":"binary-expr","locations":[{"start":{"line":14,"column":2},"end":{"line":14,"column":42}},{"start":{"line":16,"column":4},"end":{"line":16,"column":40}},{"start":{"line":18,"column":4},"end":{"line":20,"column":5}}],"line":14},"1":{"loc":{"start":{"line":24,"column":2},"end":{"line":54,"column":3}},"type":"if","locations":[{"start":{"line":24,"column":2},"end":{"line":54,"column":3}},{"start":{"line":24,"column":2},"end":{"line":54,"column":3}}],"line":24},"2":{"loc":{"start":{"line":24,"column":6},"end":{"line":24,"column":75}},"type":"binary-expr","locations":[{"start":{"line":24,"column":6},"end":{"line":24,"column":43}},{"start":{"line":24,"column":47},"end":{"line":24,"column":75}}],"line":24},"3":{"loc":{"start":{"line":27,"column":4},"end":{"line":32,"column":5}},"type":"if","locations":[{"start":{"line":27,"column":4},"end":{"line":32,"column":5}},{"start":{"line":27,"column":4},"end":{"line":32,"column":5}}],"line":27},"4":{"loc":{"start":{"line":37,"column":6},"end":{"line":52,"column":7}},"type":"if","locations":[{"start":{"line":37,"column":6},"end":{"line":52,"column":7}},{"start":{"line":37,"column":6},"end":{"line":52,"column":7}}],"line":37},"5":{"loc":{"start":{"line":63,"column":8},"end":{"line":65,"column":9}},"type":"if","locations":[{"start":{"line":63,"column":8},"end":{"line":65,"column":9}},{"start":{"line":63,"column":8},"end":{"line":65,"column":9}}],"line":63},"6":{"loc":{"start":{"line":67,"column":10},"end":{"line":92,"column":11}},"type":"if","locations":[{"start":{"line":67,"column":10},"end":{"line":92,"column":11}},{"start":{"line":67,"column":10},"end":{"line":92,"column":11}}],"line":67},"7":{"loc":{"start":{"line":68,"column":12},"end":{"line":91,"column":13}},"type":"if","locations":[{"start":{"line":68,"column":12},"end":{"line":91,"column":13}},{"start":{"line":68,"column":12},"end":{"line":91,"column":13}}],"line":68},"8":{"loc":{"start":{"line":78,"column":14},"end":{"line":80,"column":15}},"type":"if","locations":[{"start":{"line":78,"column":14},"end":{"line":80,"column":15}},{"start":{"line":78,"column":14},"end":{"line":80,"column":15}}],"line":78},"9":{"loc":{"start":{"line":78,"column":18},"end":{"line":78,"column":43}},"type":"binary-expr","locations":[{"start":{"line":78,"column":18},"end":{"line":78,"column":24}},{"start":{"line":78,"column":28},"end":{"line":78,"column":43}}],"line":78},"10":{"loc":{"start":{"line":88,"column":14},"end":{"line":90,"column":15}},"type":"if","locations":[{"start":{"line":88,"column":14},"end":{"line":90,"column":15}},{"start":{"line":88,"column":14},"end":{"line":90,"column":15}}],"line":88},"11":{"loc":{"start":{"line":88,"column":18},"end":{"line":88,"column":44}},"type":"binary-expr","locations":[{"start":{"line":88,"column":18},"end":{"line":88,"column":24}},{"start":{"line":88,"column":28},"end":{"line":88,"column":44}}],"line":88},"12":{"loc":{"start":{"line":109,"column":6},"end":{"line":122,"column":7}},"type":"if","locations":[{"start":{"line":109,"column":6},"end":{"line":122,"column":7}},{"start":{"line":109,"column":6},"end":{"line":122,"column":7}}],"line":109},"13":{"loc":{"start":{"line":110,"column":8},"end":{"line":111,"column":73}},"type":"binary-expr","locations":[{"start":{"line":110,"column":8},"end":{"line":110,"column":31}},{"start":{"line":111,"column":9},"end":{"line":111,"column":28}},{"start":{"line":111,"column":32},"end":{"line":111,"column":72}}],"line":110},"14":{"loc":{"start":{"line":132,"column":2},"end":{"line":140,"column":3}},"type":"if","locations":[{"start":{"line":132,"column":2},"end":{"line":140,"column":3}},{"start":{"line":132,"column":2},"end":{"line":140,"column":3}}],"line":132}},"s":{"0":0,"1":0,"2":0,"3":0,"4":0,"5":0,"6":0,"7":0,"8":0,"9":0,"10":0,"11":0,"12":0,"13":0,"14":0,"15":0,"16":0,"17":0,"18":0,"19":0,"20":0,"21":0,"22":0,"23":0,"24":0,"25":0,"26":0,"27":0,"28":0,"29":0,"30":0,"31":0,"32":0,"33":0,"34":0,"35":0,"36":0,"37":0,"38":0},"f":{"0":0,"1":0,"2":0,"3":0,"4":0,"5":0,"6":0,"7":0,"8":0,"9":0,"10":0,"11":0,"12":0,"13":0,"14":0,"15":0},"b":{"0":[0,0,0],"1":[0,0],"2":[0,0],"3":[0,0],"4":[0,0],"5":[0,0],"6":[0,0],"7":[0,0],"8":[0,0],"9":[0,0],"10":[0,0],"11":[0,0],"12":[0,0],"13":[0,0,0],"14":[0,0]},"hash":"c8ebe08138fb8c553ffa21281b4a234e46ae90b7"}
,"/Users/rxluz/Documents/GitHub/booksys/src/common/components/button/Button.js": {"path":"/Users/rxluz/Documents/GitHub/booksys/src/common/components/button/Button.js","statementMap":{"0":{"start":{"line":6,"column":15},"end":{"line":14,"column":1}},"1":{"start":{"line":7,"column":2},"end":{"line":13,"column":11}},"2":{"start":{"line":9,"column":20},"end":{"line":9,"column":50}},"3":{"start":{"line":16,"column":0},"end":{"line":18,"column":1}},"4":{"start":{"line":20,"column":0},"end":{"line":25,"column":1}}},"fnMap":{"0":{"name":"(anonymous_0)","decl":{"start":{"line":6,"column":15},"end":{"line":6,"column":16}},"loc":{"start":{"line":7,"column":2},"end":{"line":13,"column":11}},"line":7},"1":{"name":"(anonymous_1)","decl":{"start":{"line":9,"column":13},"end":{"line":9,"column":14}},"loc":{"start":{"line":9,"column":20},"end":{"line":9,"column":50}},"line":9}},"branchMap":{"0":{"loc":{"start":{"line":9,"column":20},"end":{"line":9,"column":50}},"type":"cond-expr","locations":[{"start":{"line":9,"column":34},"end":{"line":9,"column":43}},{"start":{"line":9,"column":46},"end":{"line":9,"column":50}}],"line":9}},"s":{"0":6,"1":19,"2":0,"3":6,"4":6},"f":{"0":19,"1":0},"b":{"0":[0,0]},"_coverageSchema":"43e27e138ebf9cfc5966b082cf9a028302ed4184","hash":"5c7737b19268d0b8cdf39b40077dfa2a9d68de17"}
,"/Users/rxluz/Documents/GitHub/booksys/src/common/components/button/Button.stories.js": {"path":"/Users/rxluz/Documents/GitHub/booksys/src/common/components/button/Button.stories.js","statementMap":{"0":{"start":{"line":7,"column":21},"end":{"line":7,"column":51}},"1":{"start":{"line":9,"column":17},"end":{"line":12,"column":2}},"2":{"start":{"line":35,"column":22},"end":{"line":37,"column":2}},"3":{"start":{"line":36,"column":2},"end":{"line":36,"column":63}}},"fnMap":{"0":{"name":"(anonymous_0)","decl":{"start":{"line":35,"column":31},"end":{"line":35,"column":32}},"loc":{"start":{"line":36,"column":2},"end":{"line":36,"column":63}},"line":36}},"branchMap":{},"s":{"0":0,"1":0,"2":0,"3":0},"f":{"0":0},"b":{},"hash":"fc4a94fa012f8d58798686ffecf8efab13d7db5e"}
,"/Users/rxluz/Documents/GitHub/booksys/src/common/components/button/index.js": {"path":"/Users/rxluz/Documents/GitHub/booksys/src/common/components/button/index.js","statementMap":{},"fnMap":{},"branchMap":{},"s":{},"f":{},"b":{},"_coverageSchema":"43e27e138ebf9cfc5966b082cf9a028302ed4184","hash":"727897f70da290bd4a04aa964cb7343430dbc0e5"}
,"/Users/rxluz/Documents/GitHub/booksys/src/common/components/companyCard/CompanyCard.js": {"path":"/Users/rxluz/Documents/GitHub/booksys/src/common/components/companyCard/CompanyCard.js","statementMap":{"0":{"start":{"line":10,"column":20},"end":{"line":48,"column":1}},"1":{"start":{"line":11,"column":25},"end":{"line":13,"column":57}},"2":{"start":{"line":14,"column":15},"end":{"line":16,"column":46}},"3":{"start":{"line":18,"column":2},"end":{"line":47,"column":3}},"4":{"start":{"line":50,"column":0},"end":{"line":58,"column":1}},"5":{"start":{"line":52,"column":24},"end":{"line":52,"column":29}}},"fnMap":{"0":{"name":"(anonymous_0)","decl":{"start":{"line":10,"column":20},"end":{"line":10,"column":21}},"loc":{"start":{"line":10,"column":56},"end":{"line":48,"column":1}},"line":10},"1":{"name":"(anonymous_1)","decl":{"start":{"line":52,"column":13},"end":{"line":52,"column":14}},"loc":{"start":{"line":52,"column":24},"end":{"line":52,"column":29}},"line":52}},"branchMap":{},"s":{"0":1,"1":2,"2":2,"3":2,"4":1,"5":0},"f":{"0":2,"1":0},"b":{},"_coverageSchema":"43e27e138ebf9cfc5966b082cf9a028302ed4184","hash":"3387c3f12055d2ca0870eb3f6793e1c1946264ed"}
,"/Users/rxluz/Documents/GitHub/booksys/src/common/components/companyCard/CompanyCard.stories.js": {"path":"/Users/rxluz/Documents/GitHub/booksys/src/common/components/companyCard/CompanyCard.stories.js","statementMap":{"0":{"start":{"line":6,"column":21},"end":{"line":6,"column":23}},"1":{"start":{"line":8,"column":17},"end":{"line":11,"column":2}},"2":{"start":{"line":38,"column":27},"end":{"line":49,"column":2}},"3":{"start":{"line":39,"column":2},"end":{"line":48,"column":25}}},"fnMap":{"0":{"name":"(anonymous_0)","decl":{"start":{"line":38,"column":36},"end":{"line":38,"column":37}},"loc":{"start":{"line":39,"column":2},"end":{"line":48,"column":25}},"line":39}},"branchMap":{},"s":{"0":0,"1":0,"2":0,"3":0},"f":{"0":0},"b":{},"hash":"ee8a47a5a6cf61fcb5b5d932bafb84fba04b5cfb"}
,"/Users/rxluz/Documents/GitHub/booksys/src/common/components/companyCard/index.js": {"path":"/Users/rxluz/Documents/GitHub/booksys/src/common/components/companyCard/index.js","statementMap":{},"fnMap":{},"branchMap":{},"s":{},"f":{},"b":{},"hash":"23f89a4e144cdf393f00b497e496cc6001092026"}
,"/Users/rxluz/Documents/GitHub/booksys/src/common/components/input/Input.js": {"path":"/Users/rxluz/Documents/GitHub/booksys/src/common/components/input/Input.js","statementMap":{"0":{"start":{"line":9,"column":26},"end":{"line":25,"column":1}},"1":{"start":{"line":10,"column":2},"end":{"line":12,"column":3}},"2":{"start":{"line":11,"column":4},"end":{"line":11,"column":15}},"3":{"start":{"line":14,"column":2},"end":{"line":24,"column":3}},"4":{"start":{"line":27,"column":14},"end":{"line":137,"column":1}},"5":{"start":{"line":43,"column":19},"end":{"line":43,"column":27}},"6":{"start":{"line":44,"column":18},"end":{"line":44,"column":72}},"7":{"start":{"line":45,"column":17},"end":{"line":45,"column":76}},"8":{"start":{"line":45,"column":23},"end":{"line":45,"column":76}},"9":{"start":{"line":47,"column":21},"end":{"line":50,"column":3}},"10":{"start":{"line":48,"column":4},"end":{"line":48,"column":59}},"11":{"start":{"line":49,"column":4},"end":{"line":49,"column":24}},"12":{"start":{"line":52,"column":18},"end":{"line":60,"column":3}},"13":{"start":{"line":53,"column":4},"end":{"line":59,"column":5}},"14":{"start":{"line":54,"column":6},"end":{"line":58,"column":8}},"15":{"start":{"line":62,"column":18},"end":{"line":66,"column":3}},"16":{"start":{"line":63,"column":4},"end":{"line":65,"column":5}},"17":{"start":{"line":64,"column":6},"end":{"line":64,"column":14}},"18":{"start":{"line":68,"column":24},"end":{"line":118,"column":3}},"19":{"start":{"line":70,"column":6},"end":{"line":81,"column":8}},"20":{"start":{"line":84,"column":6},"end":{"line":116,"column":9}},"21":{"start":{"line":111,"column":14},"end":{"line":113,"column":23}},"22":{"start":{"line":120,"column":2},"end":{"line":136,"column":3}},"23":{"start":{"line":139,"column":0},"end":{"line":144,"column":1}},"24":{"start":{"line":146,"column":0},"end":{"line":158,"column":1}}},"fnMap":{"0":{"name":"(anonymous_0)","decl":{"start":{"line":9,"column":26},"end":{"line":9,"column":27}},"loc":{"start":{"line":9,"column":77},"end":{"line":25,"column":1}},"line":9},"1":{"name":"(anonymous_1)","decl":{"start":{"line":27,"column":14},"end":{"line":27,"column":15}},"loc":{"start":{"line":42,"column":6},"end":{"line":137,"column":1}},"line":42},"2":{"name":"(anonymous_2)","decl":{"start":{"line":45,"column":17},"end":{"line":45,"column":18}},"loc":{"start":{"line":45,"column":23},"end":{"line":45,"column":76}},"line":45},"3":{"name":"(anonymous_3)","decl":{"start":{"line":47,"column":21},"end":{"line":47,"column":22}},"loc":{"start":{"line":47,"column":27},"end":{"line":50,"column":3}},"line":47},"4":{"name":"(anonymous_4)","decl":{"start":{"line":52,"column":18},"end":{"line":52,"column":19}},"loc":{"start":{"line":52,"column":24},"end":{"line":60,"column":3}},"line":52},"5":{"name":"(anonymous_5)","decl":{"start":{"line":62,"column":18},"end":{"line":62,"column":19}},"loc":{"start":{"line":62,"column":24},"end":{"line":66,"column":3}},"line":62},"6":{"name":"(anonymous_6)","decl":{"start":{"line":69,"column":10},"end":{"line":69,"column":11}},"loc":{"start":{"line":70,"column":6},"end":{"line":81,"column":8}},"line":70},"7":{"name":"(anonymous_7)","decl":{"start":{"line":83,"column":12},"end":{"line":83,"column":13}},"loc":{"start":{"line":84,"column":6},"end":{"line":116,"column":9}},"line":84},"8":{"name":"(anonymous_8)","decl":{"start":{"line":110,"column":21},"end":{"line":110,"column":22}},"loc":{"start":{"line":111,"column":14},"end":{"line":113,"column":23}},"line":111}},"branchMap":{"0":{"loc":{"start":{"line":10,"column":2},"end":{"line":12,"column":3}},"type":"if","locations":[{"start":{"line":10,"column":2},"end":{"line":12,"column":3}},{"start":{"line":10,"column":2},"end":{"line":12,"column":3}}],"line":10},"1":{"loc":{"start":{"line":15,"column":4},"end":{"line":23,"column":5}},"type":"binary-expr","locations":[{"start":{"line":15,"column":4},"end":{"line":15,"column":17}},{"start":{"line":16,"column":4},"end":{"line":16,"column":12}},{"start":{"line":17,"column":6},"end":{"line":22,"column":14}}],"line":15},"2":{"loc":{"start":{"line":44,"column":18},"end":{"line":44,"column":72}},"type":"cond-expr","locations":[{"start":{"line":44,"column":33},"end":{"line":44,"column":55}},{"start":{"line":44,"column":58},"end":{"line":44,"column":72}}],"line":44},"3":{"loc":{"start":{"line":49,"column":4},"end":{"line":49,"column":24}},"type":"binary-expr","locations":[{"start":{"line":49,"column":4},"end":{"line":49,"column":11}},{"start":{"line":49,"column":15},"end":{"line":49,"column":24}}],"line":49},"4":{"loc":{"start":{"line":53,"column":4},"end":{"line":59,"column":5}},"type":"if","locations":[{"start":{"line":53,"column":4},"end":{"line":59,"column":5}},{"start":{"line":53,"column":4},"end":{"line":59,"column":5}}],"line":53},"5":{"loc":{"start":{"line":63,"column":4},"end":{"line":65,"column":5}},"type":"if","locations":[{"start":{"line":63,"column":4},"end":{"line":65,"column":5}},{"start":{"line":63,"column":4},"end":{"line":65,"column":5}}],"line":63},"6":{"loc":{"start":{"line":85,"column":9},"end":{"line":94,"column":9}},"type":"binary-expr","locations":[{"start":{"line":85,"column":9},"end":{"line":85,"column":18}},{"start":{"line":85,"column":22},"end":{"line":85,"column":34}},{"start":{"line":85,"column":38},"end":{"line":85,"column":53}},{"start":{"line":86,"column":10},"end":{"line":93,"column":16}}],"line":85},"7":{"loc":{"start":{"line":104,"column":11},"end":{"line":108,"column":11}},"type":"binary-expr","locations":[{"start":{"line":104,"column":11},"end":{"line":104,"column":24}},{"start":{"line":105,"column":12},"end":{"line":107,"column":21}}],"line":104},"8":{"loc":{"start":{"line":109,"column":11},"end":{"line":114,"column":14}},"type":"binary-expr","locations":[{"start":{"line":109,"column":11},"end":{"line":109,"column":15}},{"start":{"line":110,"column":12},"end":{"line":114,"column":14}}],"line":109},"9":{"loc":{"start":{"line":122,"column":7},"end":{"line":126,"column":7}},"type":"binary-expr","locations":[{"start":{"line":122,"column":7},"end":{"line":122,"column":14}},{"start":{"line":123,"column":8},"end":{"line":125,"column":16}}],"line":122},"10":{"loc":{"start":{"line":128,"column":7},"end":{"line":128,"column":51}},"type":"binary-expr","locations":[{"start":{"line":128,"column":7},"end":{"line":128,"column":26}},{"start":{"line":128,"column":30},"end":{"line":128,"column":51}}],"line":128}},"s":{"0":3,"1":16,"2":11,"3":5,"4":3,"5":16,"6":16,"7":16,"8":0,"9":16,"10":0,"11":0,"12":16,"13":0,"14":0,"15":16,"16":0,"17":0,"18":16,"19":10,"20":6,"21":0,"22":16,"23":3,"24":3},"f":{"0":16,"1":16,"2":0,"3":0,"4":0,"5":0,"6":10,"7":6,"8":0},"b":{"0":[11,5],"1":[5,1,1],"2":[5,11],"3":[0,0],"4":[0,0],"5":[0,0],"6":[6,3,0,0],"7":[6,6],"8":[6,6],"9":[16,12],"10":[16,16]},"_coverageSchema":"43e27e138ebf9cfc5966b082cf9a028302ed4184","hash":"a02555467a8778029e99366f54a63ba22d9d7c7b"}
,"/Users/rxluz/Documents/GitHub/booksys/src/common/components/input/Input.stories.js": {"path":"/Users/rxluz/Documents/GitHub/booksys/src/common/components/input/Input.stories.js","statementMap":{"0":{"start":{"line":7,"column":21},"end":{"line":9,"column":1}},"1":{"start":{"line":11,"column":17},"end":{"line":14,"column":2}},"2":{"start":{"line":60,"column":21},"end":{"line":60,"column":71}},"3":{"start":{"line":60,"column":41},"end":{"line":60,"column":70}}},"fnMap":{"0":{"name":"(anonymous_0)","decl":{"start":{"line":60,"column":30},"end":{"line":60,"column":31}},"loc":{"start":{"line":60,"column":41},"end":{"line":60,"column":70}},"line":60}},"branchMap":{},"s":{"0":0,"1":0,"2":0,"3":0},"f":{"0":0},"b":{},"hash":"e30085592ab56303b4332c5abc4d9d1af812bbfa"}
,"/Users/rxluz/Documents/GitHub/booksys/src/common/components/input/index.js": {"path":"/Users/rxluz/Documents/GitHub/booksys/src/common/components/input/index.js","statementMap":{},"fnMap":{},"branchMap":{},"s":{},"f":{},"b":{},"_coverageSchema":"43e27e138ebf9cfc5966b082cf9a028302ed4184","hash":"6c594f5b9eee81366c6f80966e1c2a704d246c26"}
,"/Users/rxluz/Documents/GitHub/booksys/src/common/components/loading/Loading.js": {"path":"/Users/rxluz/Documents/GitHub/booksys/src/common/components/loading/Loading.js","statementMap":{"0":{"start":{"line":4,"column":16},"end":{"line":8,"column":1}},"1":{"start":{"line":5,"column":2},"end":{"line":7,"column":8}}},"fnMap":{"0":{"name":"(anonymous_0)","decl":{"start":{"line":4,"column":16},"end":{"line":4,"column":17}},"loc":{"start":{"line":5,"column":2},"end":{"line":7,"column":8}},"line":5}},"branchMap":{},"s":{"0":1,"1":1},"f":{"0":1},"b":{},"_coverageSchema":"43e27e138ebf9cfc5966b082cf9a028302ed4184","hash":"183ee025297061fd76f6012ea4bbca13190819fb"}
,"/Users/rxluz/Documents/GitHub/booksys/src/common/components/loading/index.js": {"path":"/Users/rxluz/Documents/GitHub/booksys/src/common/components/loading/index.js","statementMap":{},"fnMap":{},"branchMap":{},"s":{},"f":{},"b":{},"hash":"538cf3dc780d62e0abeb0315e8a2b9778956b765"}
,"/Users/rxluz/Documents/GitHub/booksys/src/common/components/officeCard/OfficeCard.js": {"path":"/Users/rxluz/Documents/GitHub/booksys/src/common/components/officeCard/OfficeCard.js","statementMap":{"0":{"start":{"line":11,"column":19},"end":{"line":40,"column":1}},"1":{"start":{"line":12,"column":24},"end":{"line":12,"column":91}},"2":{"start":{"line":14,"column":2},"end":{"line":39,"column":3}},"3":{"start":{"line":36,"column":31},"end":{"line":36,"column":53}},"4":{"start":{"line":42,"column":0},"end":{"line":44,"column":1}},"5":{"start":{"line":43,"column":24},"end":{"line":43,"column":29}},"6":{"start":{"line":46,"column":0},"end":{"line":51,"column":1}}},"fnMap":{"0":{"name":"(anonymous_0)","decl":{"start":{"line":11,"column":19},"end":{"line":11,"column":20}},"loc":{"start":{"line":11,"column":58},"end":{"line":40,"column":1}},"line":11},"1":{"name":"(anonymous_1)","decl":{"start":{"line":36,"column":25},"end":{"line":36,"column":26}},"loc":{"start":{"line":36,"column":31},"end":{"line":36,"column":53}},"line":36},"2":{"name":"(anonymous_2)","decl":{"start":{"line":43,"column":13},"end":{"line":43,"column":14}},"loc":{"start":{"line":43,"column":24},"end":{"line":43,"column":29}},"line":43}},"branchMap":{},"s":{"0":2,"1":4,"2":4,"3":0,"4":2,"5":0,"6":2},"f":{"0":4,"1":0,"2":0},"b":{},"_coverageSchema":"43e27e138ebf9cfc5966b082cf9a028302ed4184","hash":"64ef13b8b6e3fcb78dbd2055289b1038d63d8b89"}
,"/Users/rxluz/Documents/GitHub/booksys/src/common/components/officeCard/OfficeCard.stories.js": {"path":"/Users/rxluz/Documents/GitHub/booksys/src/common/components/officeCard/OfficeCard.stories.js","statementMap":{"0":{"start":{"line":7,"column":21},"end":{"line":7,"column":49}},"1":{"start":{"line":9,"column":17},"end":{"line":12,"column":2}},"2":{"start":{"line":31,"column":26},"end":{"line":31,"column":81}},"3":{"start":{"line":31,"column":46},"end":{"line":31,"column":80}}},"fnMap":{"0":{"name":"(anonymous_0)","decl":{"start":{"line":31,"column":35},"end":{"line":31,"column":36}},"loc":{"start":{"line":31,"column":46},"end":{"line":31,"column":80}},"line":31}},"branchMap":{},"s":{"0":0,"1":0,"2":0,"3":0},"f":{"0":0},"b":{},"hash":"971652ef56a24690e51acc0b2f5df265afd76bad"}
,"/Users/rxluz/Documents/GitHub/booksys/src/common/components/officeCard/index.js": {"path":"/Users/rxluz/Documents/GitHub/booksys/src/common/components/officeCard/index.js","statementMap":{},"fnMap":{},"branchMap":{},"s":{},"f":{},"b":{},"_coverageSchema":"43e27e138ebf9cfc5966b082cf9a028302ed4184","hash":"bf538284742748f52fe98828411b5e3594f54991"}
,"/Users/rxluz/Documents/GitHub/booksys/src/common/components/pagination/Pagination.js": {"path":"/Users/rxluz/Documents/GitHub/booksys/src/common/components/pagination/Pagination.js","statementMap":{"0":{"start":{"line":6,"column":19},"end":{"line":17,"column":1}},"1":{"start":{"line":7,"column":2},"end":{"line":16,"column":8}},"2":{"start":{"line":19,"column":0},"end":{"line":21,"column":1}},"3":{"start":{"line":20,"column":24},"end":{"line":20,"column":29}},"4":{"start":{"line":23,"column":0},"end":{"line":29,"column":1}}},"fnMap":{"0":{"name":"(anonymous_0)","decl":{"start":{"line":6,"column":19},"end":{"line":6,"column":20}},"loc":{"start":{"line":7,"column":2},"end":{"line":16,"column":8}},"line":7},"1":{"name":"(anonymous_1)","decl":{"start":{"line":20,"column":13},"end":{"line":20,"column":14}},"loc":{"start":{"line":20,"column":24},"end":{"line":20,"column":29}},"line":20}},"branchMap":{},"s":{"0":2,"1":1,"2":2,"3":0,"4":2},"f":{"0":1,"1":0},"b":{},"_coverageSchema":"43e27e138ebf9cfc5966b082cf9a028302ed4184","hash":"b7956a47c722204875194c6423badd462ed5094b"}
,"/Users/rxluz/Documents/GitHub/booksys/src/common/components/pagination/Pagination.stories.js": {"path":"/Users/rxluz/Documents/GitHub/booksys/src/common/components/pagination/Pagination.stories.js","statementMap":{"0":{"start":{"line":7,"column":21},"end":{"line":7,"column":68}},"1":{"start":{"line":9,"column":17},"end":{"line":12,"column":2}},"2":{"start":{"line":31,"column":26},"end":{"line":31,"column":81}},"3":{"start":{"line":31,"column":46},"end":{"line":31,"column":80}}},"fnMap":{"0":{"name":"(anonymous_0)","decl":{"start":{"line":31,"column":35},"end":{"line":31,"column":36}},"loc":{"start":{"line":31,"column":46},"end":{"line":31,"column":80}},"line":31}},"branchMap":{},"s":{"0":0,"1":0,"2":0,"3":0},"f":{"0":0},"b":{},"hash":"e2b093971ba3b11cbf493ca705eff16a4b0b73f3"}
,"/Users/rxluz/Documents/GitHub/booksys/src/common/components/pagination/index.js": {"path":"/Users/rxluz/Documents/GitHub/booksys/src/common/components/pagination/index.js","statementMap":{},"fnMap":{},"branchMap":{},"s":{},"f":{},"b":{},"_coverageSchema":"43e27e138ebf9cfc5966b082cf9a028302ed4184","hash":"b0ae137b112c6a62c13ee4ff76132452354dbfab"}
,"/Users/rxluz/Documents/GitHub/booksys/src/common/components/warning/Warning.js": {"path":"/Users/rxluz/Documents/GitHub/booksys/src/common/components/warning/Warning.js","statementMap":{"0":{"start":{"line":7,"column":16},"end":{"line":40,"column":1}},"1":{"start":{"line":17,"column":2},"end":{"line":39,"column":8}},"2":{"start":{"line":42,"column":0},"end":{"line":51,"column":1}}},"fnMap":{"0":{"name":"(anonymous_0)","decl":{"start":{"line":7,"column":16},"end":{"line":7,"column":17}},"loc":{"start":{"line":17,"column":2},"end":{"line":39,"column":8}},"line":17}},"branchMap":{"0":{"loc":{"start":{"line":19,"column":7},"end":{"line":23,"column":7}},"type":"binary-expr","locations":[{"start":{"line":19,"column":7},"end":{"line":19,"column":12}},{"start":{"line":20,"column":8},"end":{"line":22,"column":14}}],"line":19},"1":{"loc":{"start":{"line":24,"column":7},"end":{"line":24,"column":61}},"type":"binary-expr","locations":[{"start":{"line":24,"column":7},"end":{"line":24,"column":12}},{"start":{"line":24,"column":16},"end":{"line":24,"column":61}}],"line":24},"2":{"loc":{"start":{"line":25,"column":7},"end":{"line":25,"column":79}},"type":"binary-expr","locations":[{"start":{"line":25,"column":7},"end":{"line":25,"column":18}},{"start":{"line":25,"column":22},"end":{"line":25,"column":79}}],"line":25},"3":{"loc":{"start":{"line":26,"column":7},"end":{"line":26,"column":86}},"type":"binary-expr","locations":[{"start":{"line":26,"column":7},"end":{"line":26,"column":20}},{"start":{"line":26,"column":24},"end":{"line":26,"column":86}}],"line":26},"4":{"loc":{"start":{"line":28,"column":5},"end":{"line":38,"column":5}},"type":"binary-expr","locations":[{"start":{"line":28,"column":5},"end":{"line":28,"column":21}},{"start":{"line":29,"column":6},"end":{"line":37,"column":12}}],"line":28}},"s":{"0":2,"1":4,"2":2},"f":{"0":4},"b":{"0":[4,4],"1":[4,4],"2":[4,4],"3":[4,4],"4":[4,4]},"_coverageSchema":"43e27e138ebf9cfc5966b082cf9a028302ed4184","hash":"305908d856bc709cff859df660ea61ea9e1c1bac"}
,"/Users/rxluz/Documents/GitHub/booksys/src/common/components/warning/Warning.stories.js": {"path":"/Users/rxluz/Documents/GitHub/booksys/src/common/components/warning/Warning.stories.js","statementMap":{"0":{"start":{"line":8,"column":21},"end":{"line":8,"column":75}},"1":{"start":{"line":10,"column":17},"end":{"line":13,"column":2}},"2":{"start":{"line":49,"column":23},"end":{"line":49,"column":92}},"3":{"start":{"line":49,"column":43},"end":{"line":49,"column":91}}},"fnMap":{"0":{"name":"(anonymous_0)","decl":{"start":{"line":49,"column":32},"end":{"line":49,"column":33}},"loc":{"start":{"line":49,"column":43},"end":{"line":49,"column":91}},"line":49}},"branchMap":{},"s":{"0":0,"1":0,"2":0,"3":0},"f":{"0":0},"b":{},"hash":"10c535a379f92a23c32dca349ff0a08cc00ad877"}
,"/Users/rxluz/Documents/GitHub/booksys/src/common/components/warning/index.js": {"path":"/Users/rxluz/Documents/GitHub/booksys/src/common/components/warning/index.js","statementMap":{},"fnMap":{},"branchMap":{},"s":{},"f":{},"b":{},"_coverageSchema":"43e27e138ebf9cfc5966b082cf9a028302ed4184","hash":"42eb08598f8e806c3ff3812a15cb1d679f9c5b8d"}
,"/Users/rxluz/Documents/GitHub/booksys/src/common/locales/translations.js": {"path":"/Users/rxluz/Documents/GitHub/booksys/src/common/locales/translations.js","statementMap":{"0":{"start":{"line":1,"column":28},"end":{"line":68,"column":1}}},"fnMap":{},"branchMap":{},"s":{"0":0},"f":{},"b":{},"hash":"8a17c96dde3cc663d2363d87f9aa97a15fb59534"}
,"/Users/rxluz/Documents/GitHub/booksys/src/common/routes/RoutesList.js": {"path":"/Users/rxluz/Documents/GitHub/booksys/src/common/routes/RoutesList.js","statementMap":{"0":{"start":{"line":8,"column":19},"end":{"line":22,"column":1}},"1":{"start":{"line":9,"column":2},"end":{"line":21,"column":11}}},"fnMap":{"0":{"name":"(anonymous_0)","decl":{"start":{"line":8,"column":19},"end":{"line":8,"column":20}},"loc":{"start":{"line":9,"column":2},"end":{"line":21,"column":11}},"line":9}},"branchMap":{},"s":{"0":0,"1":0},"f":{"0":0},"b":{},"hash":"f7db381e1a2e8e7b8a2f66884ffd2aef5770ff88"}
,"/Users/rxluz/Documents/GitHub/booksys/src/common/routes/TestRoute.js": {"path":"/Users/rxluz/Documents/GitHub/booksys/src/common/routes/TestRoute.js","statementMap":{"0":{"start":{"line":1,"column":18},"end":{"line":3,"column":1}},"1":{"start":{"line":2,"column":2},"end":{"line":2,"column":20}}},"fnMap":{"0":{"name":"(anonymous_0)","decl":{"start":{"line":1,"column":18},"end":{"line":1,"column":19}},"loc":{"start":{"line":1,"column":29},"end":{"line":3,"column":1}},"line":1}},"branchMap":{},"s":{"0":0,"1":0},"f":{"0":0},"b":{},"hash":"fbc563bbd4a5fd0a12417a4a6e7f9986884798c1"}
,"/Users/rxluz/Documents/GitHub/booksys/src/common/utils/browser.utils.js": {"path":"/Users/rxluz/Documents/GitHub/booksys/src/common/utils/browser.utils.js","statementMap":{"0":{"start":{"line":3,"column":19},"end":{"line":4,"column":80}},"1":{"start":{"line":4,"column":2},"end":{"line":4,"column":80}},"2":{"start":{"line":6,"column":25},"end":{"line":6,"column":57}},"3":{"start":{"line":6,"column":31},"end":{"line":6,"column":57}}},"fnMap":{"0":{"name":"(anonymous_0)","decl":{"start":{"line":3,"column":19},"end":{"line":3,"column":20}},"loc":{"start":{"line":4,"column":2},"end":{"line":4,"column":80}},"line":4},"1":{"name":"(anonymous_1)","decl":{"start":{"line":6,"column":25},"end":{"line":6,"column":26}},"loc":{"start":{"line":6,"column":31},"end":{"line":6,"column":57}},"line":6}},"branchMap":{"0":{"loc":{"start":{"line":4,"column":2},"end":{"line":4,"column":80}},"type":"binary-expr","locations":[{"start":{"line":4,"column":2},"end":{"line":4,"column":19}},{"start":{"line":4,"column":23},"end":{"line":4,"column":80}}],"line":4}},"s":{"0":3,"1":0,"2":3,"3":10},"f":{"0":0,"1":10},"b":{"0":[0,0]},"_coverageSchema":"43e27e138ebf9cfc5966b082cf9a028302ed4184","hash":"73f1da66a140723b31119cb51f6551f074216440"}
,"/Users/rxluz/Documents/GitHub/booksys/src/common/utils/colours.constants.js": {"path":"/Users/rxluz/Documents/GitHub/booksys/src/common/utils/colours.constants.js","statementMap":{"0":{"start":{"line":1,"column":16},"end":{"line":10,"column":1}}},"fnMap":{},"branchMap":{},"s":{"0":0},"f":{},"b":{},"hash":"99deea400b0196f7349b949aac88291f1a793416"}
,"/Users/rxluz/Documents/GitHub/booksys/src/common/utils/general.constants.js": {"path":"/Users/rxluz/Documents/GitHub/booksys/src/common/utils/general.constants.js","statementMap":{"0":{"start":{"line":1,"column":32},"end":{"line":1,"column":183}},"1":{"start":{"line":3,"column":24},"end":{"line":3,"column":84}},"2":{"start":{"line":5,"column":32},"end":{"line":5,"column":46}},"3":{"start":{"line":6,"column":43},"end":{"line":6,"column":58}},"4":{"start":{"line":7,"column":27},"end":{"line":7,"column":32}},"5":{"start":{"line":9,"column":24},"end":{"line":9,"column":61}},"6":{"start":{"line":11,"column":24},"end":{"line":11,"column":67}},"7":{"start":{"line":11,"column":37},"end":{"line":11,"column":67}},"8":{"start":{"line":13,"column":39},"end":{"line":22,"column":1}}},"fnMap":{"0":{"name":"(anonymous_0)","decl":{"start":{"line":11,"column":24},"end":{"line":11,"column":25}},"loc":{"start":{"line":11,"column":37},"end":{"line":11,"column":67}},"line":11}},"branchMap":{},"s":{"0":6,"1":6,"2":6,"3":6,"4":6,"5":6,"6":6,"7":2,"8":6},"f":{"0":2},"b":{},"_coverageSchema":"43e27e138ebf9cfc5966b082cf9a028302ed4184","hash":"b1c5eb56af0572ee83b5bc3019e7f85a905cb5bc"}
,"/Users/rxluz/Documents/GitHub/booksys/src/common/utils/general.utils.js": {"path":"/Users/rxluz/Documents/GitHub/booksys/src/common/utils/general.utils.js","statementMap":{"0":{"start":{"line":7,"column":25},"end":{"line":7,"column":41}},"1":{"start":{"line":7,"column":36},"end":{"line":7,"column":41}},"2":{"start":{"line":9,"column":29},"end":{"line":16,"column":4}},"3":{"start":{"line":9,"column":95},"end":{"line":16,"column":4}},"4":{"start":{"line":12,"column":2},"end":{"line":16,"column":4}},"5":{"start":{"line":18,"column":27},"end":{"line":21,"column":11}},"6":{"start":{"line":19,"column":2},"end":{"line":21,"column":11}},"7":{"start":{"line":23,"column":37},"end":{"line":30,"column":1}},"8":{"start":{"line":24,"column":21},"end":{"line":24,"column":40}},"9":{"start":{"line":27,"column":4},"end":{"line":27,"column":99}},"10":{"start":{"line":29,"column":2},"end":{"line":29,"column":34}},"11":{"start":{"line":32,"column":36},"end":{"line":36,"column":2}},"12":{"start":{"line":32,"column":69},"end":{"line":36,"column":1}},"13":{"start":{"line":38,"column":17},"end":{"line":43,"column":2}},"14":{"start":{"line":38,"column":33},"end":{"line":43,"column":1}},"15":{"start":{"line":40,"column":21},"end":{"line":40,"column":88}},"16":{"start":{"line":41,"column":19},"end":{"line":41,"column":58}},"17":{"start":{"line":45,"column":31},"end":{"line":60,"column":3}},"18":{"start":{"line":46,"column":2},"end":{"line":60,"column":3}},"19":{"start":{"line":48,"column":6},"end":{"line":54,"column":8}},"20":{"start":{"line":49,"column":8},"end":{"line":53,"column":10}},"21":{"start":{"line":56,"column":6},"end":{"line":56,"column":25}},"22":{"start":{"line":62,"column":30},"end":{"line":74,"column":3}},"23":{"start":{"line":63,"column":2},"end":{"line":74,"column":3}},"24":{"start":{"line":65,"column":6},"end":{"line":68,"column":9}},"25":{"start":{"line":65,"column":45},"end":{"line":68,"column":7}},"26":{"start":{"line":70,"column":6},"end":{"line":70,"column":22}},"27":{"start":{"line":76,"column":29},"end":{"line":84,"column":2}},"28":{"start":{"line":76,"column":62},"end":{"line":84,"column":1}},"29":{"start":{"line":78,"column":4},"end":{"line":79,"column":75}},"30":{"start":{"line":79,"column":37},"end":{"line":79,"column":74}},"31":{"start":{"line":81,"column":4},"end":{"line":83,"column":95}},"32":{"start":{"line":86,"column":28},"end":{"line":87,"column":99}},"33":{"start":{"line":87,"column":2},"end":{"line":87,"column":99}},"34":{"start":{"line":89,"column":28},"end":{"line":90,"column":61}},"35":{"start":{"line":90,"column":2},"end":{"line":90,"column":61}},"36":{"start":{"line":92,"column":36},"end":{"line":93,"column":80}},"37":{"start":{"line":93,"column":2},"end":{"line":93,"column":80}},"38":{"start":{"line":93,"column":64},"end":{"line":93,"column":78}},"39":{"start":{"line":95,"column":0},"end":{"line":95,"column":41}},"40":{"start":{"line":97,"column":22},"end":{"line":97,"column":31}},"41":{"start":{"line":99,"column":36},"end":{"line":118,"column":3}},"42":{"start":{"line":100,"column":2},"end":{"line":118,"column":3}},"43":{"start":{"line":102,"column":18},"end":{"line":102,"column":33}},"44":{"start":{"line":103,"column":6},"end":{"line":105,"column":7}},"45":{"start":{"line":104,"column":8},"end":{"line":104,"column":20}},"46":{"start":{"line":107,"column":19},"end":{"line":107,"column":73}},"47":{"start":{"line":109,"column":6},"end":{"line":112,"column":8}},"48":{"start":{"line":114,"column":6},"end":{"line":114,"column":18}}},"fnMap":{"0":{"name":"(anonymous_0)","decl":{"start":{"line":7,"column":25},"end":{"line":7,"column":26}},"loc":{"start":{"line":7,"column":36},"end":{"line":7,"column":41}},"line":7},"1":{"name":"(anonymous_1)","decl":{"start":{"line":9,"column":29},"end":{"line":9,"column":30}},"loc":{"start":{"line":9,"column":95},"end":{"line":16,"column":4}},"line":9},"2":{"name":"(anonymous_2)","decl":{"start":{"line":9,"column":95},"end":{"line":9,"column":96}},"loc":{"start":{"line":12,"column":2},"end":{"line":16,"column":4}},"line":12},"3":{"name":"(anonymous_3)","decl":{"start":{"line":18,"column":27},"end":{"line":18,"column":28}},"loc":{"start":{"line":19,"column":2},"end":{"line":21,"column":11}},"line":19},"4":{"name":"(anonymous_4)","decl":{"start":{"line":23,"column":37},"end":{"line":23,"column":38}},"loc":{"start":{"line":23,"column":43},"end":{"line":30,"column":1}},"line":23},"5":{"name":"(anonymous_5)","decl":{"start":{"line":32,"column":36},"end":{"line":32,"column":37}},"loc":{"start":{"line":32,"column":69},"end":{"line":36,"column":1}},"line":32},"6":{"name":"(anonymous_6)","decl":{"start":{"line":38,"column":17},"end":{"line":38,"column":18}},"loc":{"start":{"line":38,"column":33},"end":{"line":43,"column":1}},"line":38},"7":{"name":"(anonymous_7)","decl":{"start":{"line":40,"column":10},"end":{"line":40,"column":11}},"loc":{"start":{"line":40,"column":21},"end":{"line":40,"column":88}},"line":40},"8":{"name":"(anonymous_8)","decl":{"start":{"line":41,"column":13},"end":{"line":41,"column":14}},"loc":{"start":{"line":41,"column":19},"end":{"line":41,"column":58}},"line":41},"9":{"name":"(anonymous_9)","decl":{"start":{"line":45,"column":31},"end":{"line":45,"column":32}},"loc":{"start":{"line":46,"column":2},"end":{"line":60,"column":3}},"line":46},"10":{"name":"(anonymous_10)","decl":{"start":{"line":47,"column":4},"end":{"line":47,"column":5}},"loc":{"start":{"line":47,"column":39},"end":{"line":57,"column":5}},"line":47},"11":{"name":"(anonymous_11)","decl":{"start":{"line":48,"column":20},"end":{"line":48,"column":21}},"loc":{"start":{"line":48,"column":37},"end":{"line":54,"column":7}},"line":48},"12":{"name":"(anonymous_12)","decl":{"start":{"line":62,"column":30},"end":{"line":62,"column":31}},"loc":{"start":{"line":63,"column":2},"end":{"line":74,"column":3}},"line":63},"13":{"name":"(anonymous_13)","decl":{"start":{"line":64,"column":4},"end":{"line":64,"column":5}},"loc":{"start":{"line":64,"column":36},"end":{"line":71,"column":5}},"line":64},"14":{"name":"(anonymous_14)","decl":{"start":{"line":65,"column":34},"end":{"line":65,"column":35}},"loc":{"start":{"line":65,"column":45},"end":{"line":68,"column":7}},"line":65},"15":{"name":"(anonymous_15)","decl":{"start":{"line":76,"column":29},"end":{"line":76,"column":30}},"loc":{"start":{"line":76,"column":62},"end":{"line":84,"column":1}},"line":76},"16":{"name":"(anonymous_16)","decl":{"start":{"line":77,"column":8},"end":{"line":77,"column":9}},"loc":{"start":{"line":78,"column":4},"end":{"line":79,"column":75}},"line":78},"17":{"name":"(anonymous_17)","decl":{"start":{"line":79,"column":25},"end":{"line":79,"column":26}},"loc":{"start":{"line":79,"column":37},"end":{"line":79,"column":74}},"line":79},"18":{"name":"(anonymous_18)","decl":{"start":{"line":80,"column":11},"end":{"line":80,"column":12}},"loc":{"start":{"line":81,"column":4},"end":{"line":83,"column":95}},"line":81},"19":{"name":"(anonymous_19)","decl":{"start":{"line":86,"column":28},"end":{"line":86,"column":29}},"loc":{"start":{"line":87,"column":2},"end":{"line":87,"column":99}},"line":87},"20":{"name":"(anonymous_20)","decl":{"start":{"line":89,"column":28},"end":{"line":89,"column":29}},"loc":{"start":{"line":90,"column":2},"end":{"line":90,"column":61}},"line":90},"21":{"name":"(anonymous_21)","decl":{"start":{"line":92,"column":36},"end":{"line":92,"column":37}},"loc":{"start":{"line":93,"column":2},"end":{"line":93,"column":80}},"line":93},"22":{"name":"(anonymous_22)","decl":{"start":{"line":93,"column":48},"end":{"line":93,"column":49}},"loc":{"start":{"line":93,"column":64},"end":{"line":93,"column":78}},"line":93},"23":{"name":"(anonymous_23)","decl":{"start":{"line":99,"column":36},"end":{"line":99,"column":37}},"loc":{"start":{"line":100,"column":2},"end":{"line":118,"column":3}},"line":100},"24":{"name":"(anonymous_24)","decl":{"start":{"line":101,"column":4},"end":{"line":101,"column":5}},"loc":{"start":{"line":101,"column":25},"end":{"line":115,"column":5}},"line":101}},"branchMap":{"0":{"loc":{"start":{"line":9,"column":51},"end":{"line":9,"column":69}},"type":"default-arg","locations":[{"start":{"line":9,"column":65},"end":{"line":9,"column":69}}],"line":9},"1":{"loc":{"start":{"line":9,"column":71},"end":{"line":9,"column":88}},"type":"default-arg","locations":[{"start":{"line":9,"column":83},"end":{"line":9,"column":88}}],"line":9},"2":{"loc":{"start":{"line":13,"column":11},"end":{"line":13,"column":66}},"type":"cond-expr","locations":[{"start":{"line":13,"column":34},"end":{"line":13,"column":45}},{"start":{"line":13,"column":48},"end":{"line":13,"column":66}}],"line":13},"3":{"loc":{"start":{"line":19,"column":2},"end":{"line":21,"column":11}},"type":"cond-expr","locations":[{"start":{"line":20,"column":6},"end":{"line":20,"column":50}},{"start":{"line":21,"column":6},"end":{"line":21,"column":11}}],"line":19},"4":{"loc":{"start":{"line":27,"column":4},"end":{"line":27,"column":99}},"type":"binary-expr","locations":[{"start":{"line":27,"column":5},"end":{"line":27,"column":24}},{"start":{"line":27,"column":28},"end":{"line":27,"column":50}},{"start":{"line":27,"column":55},"end":{"line":27,"column":73}},{"start":{"line":27,"column":77},"end":{"line":27,"column":99}}],"line":27},"5":{"loc":{"start":{"line":29,"column":9},"end":{"line":29,"column":34}},"type":"binary-expr","locations":[{"start":{"line":29,"column":9},"end":{"line":29,"column":19}},{"start":{"line":29,"column":23},"end":{"line":29,"column":34}}],"line":29},"6":{"loc":{"start":{"line":32,"column":37},"end":{"line":32,"column":51}},"type":"default-arg","locations":[{"start":{"line":32,"column":47},"end":{"line":32,"column":51}}],"line":32},"7":{"loc":{"start":{"line":32,"column":53},"end":{"line":32,"column":63}},"type":"default-arg","locations":[{"start":{"line":32,"column":61},"end":{"line":32,"column":63}}],"line":32},"8":{"loc":{"start":{"line":67,"column":14},"end":{"line":67,"column":90}},"type":"cond-expr","locations":[{"start":{"line":67,"column":27},"end":{"line":67,"column":48}},{"start":{"line":67,"column":51},"end":{"line":67,"column":90}}],"line":67},"9":{"loc":{"start":{"line":78,"column":4},"end":{"line":79,"column":75}},"type":"binary-expr","locations":[{"start":{"line":78,"column":4},"end":{"line":78,"column":48}},{"start":{"line":79,"column":4},"end":{"line":79,"column":75}}],"line":78},"10":{"loc":{"start":{"line":81,"column":4},"end":{"line":83,"column":95}},"type":"cond-expr","locations":[{"start":{"line":82,"column":8},"end":{"line":82,"column":55}},{"start":{"line":83,"column":8},"end":{"line":83,"column":95}}],"line":81},"11":{"loc":{"start":{"line":87,"column":2},"end":{"line":87,"column":99}},"type":"cond-expr","locations":[{"start":{"line":87,"column":24},"end":{"line":87,"column":94}},{"start":{"line":87,"column":97},"end":{"line":87,"column":99}}],"line":87},"12":{"loc":{"start":{"line":100,"column":3},"end":{"line":100,"column":31}},"type":"binary-expr","locations":[{"start":{"line":100,"column":3},"end":{"line":100,"column":25}},{"start":{"line":100,"column":29},"end":{"line":100,"column":31}}],"line":100},"13":{"loc":{"start":{"line":103,"column":6},"end":{"line":105,"column":7}},"type":"if","locations":[{"start":{"line":103,"column":6},"end":{"line":105,"column":7}},{"start":{"line":103,"column":6},"end":{"line":105,"column":7}}],"line":103}},"s":{"0":6,"1":0,"2":6,"3":16,"4":0,"5":6,"6":6,"7":6,"8":6,"9":6,"10":6,"11":6,"12":10,"13":6,"14":2,"15":2,"16":0,"17":6,"18":1,"19":0,"20":0,"21":0,"22":6,"23":0,"24":0,"25":0,"26":0,"27":6,"28":2,"29":2,"30":0,"31":0,"32":6,"33":3,"34":6,"35":1,"36":6,"37":0,"38":0,"39":6,"40":6,"41":6,"42":3,"43":0,"44":0,"45":0,"46":0,"47":0,"48":0},"f":{"0":0,"1":16,"2":0,"3":6,"4":6,"5":10,"6":2,"7":2,"8":0,"9":1,"10":0,"11":0,"12":0,"13":0,"14":0,"15":2,"16":2,"17":0,"18":0,"19":3,"20":1,"21":0,"22":0,"23":3,"24":0},"b":{"0":[16],"1":[6],"2":[0,0],"3":[0,6],"4":[6,6,0,0],"5":[6,6],"6":[10],"7":[10],"8":[0,0],"9":[2,0],"10":[0,0],"11":[0,3],"12":[3,0],"13":[0,0]},"_coverageSchema":"43e27e138ebf9cfc5966b082cf9a028302ed4184","hash":"ce27963e2027fc92030cd51e3dea4b18107eb54c"}
,"/Users/rxluz/Documents/GitHub/booksys/src/common/utils/os.utils.js": {"path":"/Users/rxluz/Documents/GitHub/booksys/src/common/utils/os.utils.js","statementMap":{"0":{"start":{"line":1,"column":14},"end":{"line":1,"column":72}},"1":{"start":{"line":1,"column":20},"end":{"line":1,"column":72}}},"fnMap":{"0":{"name":"(anonymous_0)","decl":{"start":{"line":1,"column":14},"end":{"line":1,"column":15}},"loc":{"start":{"line":1,"column":20},"end":{"line":1,"column":72}},"line":1}},"branchMap":{},"s":{"0":0,"1":0},"f":{"0":0},"b":{},"hash":"cd239e4f297493c9683ca58d28f53f3862c801e3"}
,"/Users/rxluz/Documents/GitHub/booksys/src/common/utils/state.utils.js": {"path":"/Users/rxluz/Documents/GitHub/booksys/src/common/utils/state.utils.js","statementMap":{"0":{"start":{"line":1,"column":27},"end":{"line":2,"column":86}},"1":{"start":{"line":1,"column":61},"end":{"line":2,"column":86}},"2":{"start":{"line":2,"column":2},"end":{"line":2,"column":86}},"3":{"start":{"line":4,"column":22},"end":{"line":8,"column":4}},"4":{"start":{"line":4,"column":32},"end":{"line":8,"column":4}},"5":{"start":{"line":4,"column":48},"end":{"line":8,"column":4}},"6":{"start":{"line":5,"column":2},"end":{"line":8,"column":4}}},"fnMap":{"0":{"name":"(anonymous_0)","decl":{"start":{"line":1,"column":27},"end":{"line":1,"column":28}},"loc":{"start":{"line":1,"column":61},"end":{"line":2,"column":86}},"line":1},"1":{"name":"(anonymous_1)","decl":{"start":{"line":1,"column":61},"end":{"line":1,"column":62}},"loc":{"start":{"line":2,"column":2},"end":{"line":2,"column":86}},"line":2},"2":{"name":"(anonymous_2)","decl":{"start":{"line":4,"column":22},"end":{"line":4,"column":23}},"loc":{"start":{"line":4,"column":32},"end":{"line":8,"column":4}},"line":4},"3":{"name":"(anonymous_3)","decl":{"start":{"line":4,"column":32},"end":{"line":4,"column":33}},"loc":{"start":{"line":4,"column":48},"end":{"line":8,"column":4}},"line":4},"4":{"name":"(anonymous_4)","decl":{"start":{"line":4,"column":48},"end":{"line":4,"column":49}},"loc":{"start":{"line":5,"column":2},"end":{"line":8,"column":4}},"line":5}},"branchMap":{"0":{"loc":{"start":{"line":1,"column":39},"end":{"line":1,"column":56}},"type":"default-arg","locations":[{"start":{"line":1,"column":54},"end":{"line":1,"column":56}}],"line":1},"1":{"loc":{"start":{"line":1,"column":62},"end":{"line":1,"column":82}},"type":"default-arg","locations":[{"start":{"line":1,"column":70},"end":{"line":1,"column":82}}],"line":1},"2":{"loc":{"start":{"line":2,"column":2},"end":{"line":2,"column":86}},"type":"cond-expr","locations":[{"start":{"line":2,"column":34},"end":{"line":2,"column":78}},{"start":{"line":2,"column":81},"end":{"line":2,"column":86}}],"line":2},"3":{"loc":{"start":{"line":4,"column":33},"end":{"line":4,"column":43}},"type":"default-arg","locations":[{"start":{"line":4,"column":41},"end":{"line":4,"column":43}}],"line":4}},"s":{"0":0,"1":0,"2":0,"3":0,"4":0,"5":0,"6":0},"f":{"0":0,"1":0,"2":0,"3":0,"4":0},"b":{"0":[0],"1":[0],"2":[0,0],"3":[0]},"hash":"83b839a2341b13a4ca661a4ca0b7ae55d8736f87"}
,"/Users/rxluz/Documents/GitHub/booksys/src/common/utils/storybookMode.js": {"path":"/Users/rxluz/Documents/GitHub/booksys/src/common/utils/storybookMode.js","statementMap":{"0":{"start":{"line":6,"column":27},"end":{"line":8,"column":1}},"1":{"start":{"line":7,"column":2},"end":{"line":7,"column":61}},"2":{"start":{"line":10,"column":25},"end":{"line":10,"column":77}},"3":{"start":{"line":10,"column":37},"end":{"line":10,"column":76}},"4":{"start":{"line":12,"column":27},"end":{"line":28,"column":1}},"5":{"start":{"line":12,"column":76},"end":{"line":28,"column":1}},"6":{"start":{"line":13,"column":16},"end":{"line":17,"column":3}},"7":{"start":{"line":14,"column":4},"end":{"line":16,"column":18}},"8":{"start":{"line":19,"column":2},"end":{"line":26,"column":3}},"9":{"start":{"line":20,"column":4},"end":{"line":25,"column":5}},"10":{"start":{"line":27,"column":2},"end":{"line":27,"column":14}},"11":{"start":{"line":30,"column":27},"end":{"line":42,"column":2}},"12":{"start":{"line":30,"column":42},"end":{"line":42,"column":1}}},"fnMap":{"0":{"name":"(anonymous_0)","decl":{"start":{"line":6,"column":27},"end":{"line":6,"column":28}},"loc":{"start":{"line":7,"column":2},"end":{"line":7,"column":61}},"line":7},"1":{"name":"(anonymous_1)","decl":{"start":{"line":10,"column":25},"end":{"line":10,"column":26}},"loc":{"start":{"line":10,"column":37},"end":{"line":10,"column":76}},"line":10},"2":{"name":"(anonymous_2)","decl":{"start":{"line":12,"column":27},"end":{"line":12,"column":28}},"loc":{"start":{"line":12,"column":76},"end":{"line":28,"column":1}},"line":12},"3":{"name":"(anonymous_3)","decl":{"start":{"line":12,"column":76},"end":{"line":12,"column":77}},"loc":{"start":{"line":12,"column":91},"end":{"line":28,"column":1}},"line":12},"4":{"name":"(anonymous_4)","decl":{"start":{"line":13,"column":16},"end":{"line":13,"column":17}},"loc":{"start":{"line":14,"column":4},"end":{"line":16,"column":18}},"line":14},"5":{"name":"(anonymous_5)","decl":{"start":{"line":30,"column":27},"end":{"line":30,"column":28}},"loc":{"start":{"line":30,"column":42},"end":{"line":42,"column":1}},"line":30}},"branchMap":{"0":{"loc":{"start":{"line":6,"column":40},"end":{"line":6,"column":55}},"type":"default-arg","locations":[{"start":{"line":6,"column":48},"end":{"line":6,"column":55}}],"line":6},"1":{"loc":{"start":{"line":6,"column":57},"end":{"line":6,"column":75}},"type":"default-arg","locations":[{"start":{"line":6,"column":66},"end":{"line":6,"column":75}}],"line":6},"2":{"loc":{"start":{"line":10,"column":37},"end":{"line":10,"column":76}},"type":"cond-expr","locations":[{"start":{"line":10,"column":60},"end":{"line":10,"column":68}},{"start":{"line":10,"column":71},"end":{"line":10,"column":76}}],"line":10},"3":{"loc":{"start":{"line":12,"column":28},"end":{"line":12,"column":71}},"type":"default-arg","locations":[{"start":{"line":12,"column":69},"end":{"line":12,"column":71}}],"line":12},"4":{"loc":{"start":{"line":12,"column":30},"end":{"line":12,"column":47}},"type":"default-arg","locations":[{"start":{"line":12,"column":45},"end":{"line":12,"column":47}}],"line":12},"5":{"loc":{"start":{"line":12,"column":49},"end":{"line":12,"column":64}},"type":"default-arg","locations":[{"start":{"line":12,"column":60},"end":{"line":12,"column":64}}],"line":12},"6":{"loc":{"start":{"line":19,"column":2},"end":{"line":26,"column":3}},"type":"if","locations":[{"start":{"line":19,"column":2},"end":{"line":26,"column":3}},{"start":{"line":19,"column":2},"end":{"line":26,"column":3}}],"line":19}},"s":{"0":0,"1":0,"2":0,"3":0,"4":0,"5":0,"6":0,"7":0,"8":0,"9":0,"10":0,"11":0,"12":0},"f":{"0":0,"1":0,"2":0,"3":0,"4":0,"5":0},"b":{"0":[0],"1":[0],"2":[0,0],"3":[0],"4":[0],"5":[0],"6":[0,0]},"hash":"86daa7ef9c7a3e6e3836d005d35561472221b1bd"}
,"/Users/rxluz/Documents/GitHub/booksys/src/common/utils/test.utils.js": {"path":"/Users/rxluz/Documents/GitHub/booksys/src/common/utils/test.utils.js","statementMap":{"0":{"start":{"line":1,"column":34},"end":{"line":4,"column":2}},"1":{"start":{"line":1,"column":77},"end":{"line":4,"column":1}},"2":{"start":{"line":2,"column":40},"end":{"line":2,"column":79}},"3":{"start":{"line":6,"column":25},"end":{"line":6,"column":33}}},"fnMap":{"0":{"name":"(anonymous_0)","decl":{"start":{"line":1,"column":34},"end":{"line":1,"column":35}},"loc":{"start":{"line":1,"column":77},"end":{"line":4,"column":1}},"line":1},"1":{"name":"(anonymous_1)","decl":{"start":{"line":2,"column":28},"end":{"line":2,"column":29}},"loc":{"start":{"line":2,"column":40},"end":{"line":2,"column":79}},"line":2},"2":{"name":"(anonymous_2)","decl":{"start":{"line":6,"column":25},"end":{"line":6,"column":26}},"loc":{"start":{"line":6,"column":31},"end":{"line":6,"column":33}},"line":6}},"branchMap":{"0":{"loc":{"start":{"line":1,"column":43},"end":{"line":1,"column":71}},"type":"default-arg","locations":[{"start":{"line":1,"column":69},"end":{"line":1,"column":71}}],"line":1},"1":{"loc":{"start":{"line":1,"column":45},"end":{"line":1,"column":64}},"type":"default-arg","locations":[{"start":{"line":1,"column":60},"end":{"line":1,"column":64}}],"line":1},"2":{"loc":{"start":{"line":2,"column":13},"end":{"line":2,"column":92}},"type":"cond-expr","locations":[{"start":{"line":2,"column":28},"end":{"line":2,"column":80}},{"start":{"line":2,"column":83},"end":{"line":2,"column":92}}],"line":2},"3":{"loc":{"start":{"line":2,"column":40},"end":{"line":2,"column":79}},"type":"cond-expr","locations":[{"start":{"line":2,"column":63},"end":{"line":2,"column":71}},{"start":{"line":2,"column":74},"end":{"line":2,"column":79}}],"line":2}},"s":{"0":10,"1":10,"2":72,"3":10},"f":{"0":10,"1":72,"2":0},"b":{"0":[10],"1":[10],"2":[10,0],"3":[0,72]},"_coverageSchema":"43e27e138ebf9cfc5966b082cf9a028302ed4184","hash":"785f5b174dba617a9a86852bddd0f935385517f7"}
,"/Users/rxluz/Documents/GitHub/booksys/src/enhancers/monitorReducer.js": {"path":"/Users/rxluz/Documents/GitHub/booksys/src/enhancers/monitorReducer.js","statementMap":{"0":{"start":{"line":1,"column":14},"end":{"line":1,"column":56}},"1":{"start":{"line":1,"column":26},"end":{"line":1,"column":56}},"2":{"start":{"line":3,"column":31},"end":{"line":18,"column":1}},"3":{"start":{"line":3,"column":48},"end":{"line":18,"column":1}},"4":{"start":{"line":4,"column":27},"end":{"line":15,"column":3}},"5":{"start":{"line":5,"column":18},"end":{"line":5,"column":35}},"6":{"start":{"line":6,"column":21},"end":{"line":6,"column":43}},"7":{"start":{"line":7,"column":16},"end":{"line":7,"column":33}},"8":{"start":{"line":8,"column":17},"end":{"line":8,"column":35}},"9":{"start":{"line":10,"column":4},"end":{"line":12,"column":5}},"10":{"start":{"line":11,"column":6},"end":{"line":11,"column":48}},"11":{"start":{"line":14,"column":4},"end":{"line":14,"column":19}},"12":{"start":{"line":17,"column":2},"end":{"line":17,"column":62}}},"fnMap":{"0":{"name":"(anonymous_0)","decl":{"start":{"line":1,"column":14},"end":{"line":1,"column":15}},"loc":{"start":{"line":1,"column":26},"end":{"line":1,"column":56}},"line":1},"1":{"name":"(anonymous_1)","decl":{"start":{"line":3,"column":31},"end":{"line":3,"column":32}},"loc":{"start":{"line":3,"column":48},"end":{"line":18,"column":1}},"line":3},"2":{"name":"(anonymous_2)","decl":{"start":{"line":3,"column":48},"end":{"line":3,"column":49}},"loc":{"start":{"line":3,"column":85},"end":{"line":18,"column":1}},"line":3},"3":{"name":"(anonymous_3)","decl":{"start":{"line":4,"column":27},"end":{"line":4,"column":28}},"loc":{"start":{"line":4,"column":46},"end":{"line":15,"column":3}},"line":4}},"branchMap":{"0":{"loc":{"start":{"line":10,"column":4},"end":{"line":12,"column":5}},"type":"if","locations":[{"start":{"line":10,"column":4},"end":{"line":12,"column":5}},{"start":{"line":10,"column":4},"end":{"line":12,"column":5}}],"line":10}},"s":{"0":0,"1":0,"2":0,"3":0,"4":0,"5":0,"6":0,"7":0,"8":0,"9":0,"10":0,"11":0,"12":0},"f":{"0":0,"1":0,"2":0,"3":0},"b":{"0":[0,0]},"hash":"f65573e598531b025ec5a18ec4ab09a82d429ece"}
,"/Users/rxluz/Documents/GitHub/booksys/src/middleware/logger.js": {"path":"/Users/rxluz/Documents/GitHub/booksys/src/middleware/logger.js","statementMap":{"0":{"start":{"line":1,"column":15},"end":{"line":10,"column":1}},"1":{"start":{"line":1,"column":26},"end":{"line":10,"column":1}},"2":{"start":{"line":1,"column":36},"end":{"line":10,"column":1}},"3":{"start":{"line":9,"column":2},"end":{"line":9,"column":21}}},"fnMap":{"0":{"name":"(anonymous_0)","decl":{"start":{"line":1,"column":15},"end":{"line":1,"column":16}},"loc":{"start":{"line":1,"column":26},"end":{"line":10,"column":1}},"line":1},"1":{"name":"(anonymous_1)","decl":{"start":{"line":1,"column":26},"end":{"line":1,"column":27}},"loc":{"start":{"line":1,"column":36},"end":{"line":10,"column":1}},"line":1},"2":{"name":"(anonymous_2)","decl":{"start":{"line":1,"column":36},"end":{"line":1,"column":37}},"loc":{"start":{"line":1,"column":48},"end":{"line":10,"column":1}},"line":1}},"branchMap":{},"s":{"0":0,"1":0,"2":0,"3":0},"f":{"0":0,"1":0,"2":0},"b":{},"hash":"6d05fe6ba79c6917b36952f76c556f3db33c8b2d"}
,"/Users/rxluz/Documents/GitHub/booksys/src/modules/booking/Booking.actions.js": {"path":"/Users/rxluz/Documents/GitHub/booksys/src/modules/booking/Booking.actions.js","statementMap":{"0":{"start":{"line":3,"column":32},"end":{"line":3,"column":60}},"1":{"start":{"line":4,"column":30},"end":{"line":4,"column":56}}},"fnMap":{},"branchMap":{},"s":{"0":0,"1":0},"f":{},"b":{},"hash":"076e827a1278dee63146d86895c08dd8df554cfe"}
,"/Users/rxluz/Documents/GitHub/booksys/src/modules/booking/Booking.constants.js": {"path":"/Users/rxluz/Documents/GitHub/booksys/src/modules/booking/Booking.constants.js","statementMap":{"0":{"start":{"line":4,"column":26},"end":{"line":10,"column":1}},"1":{"start":{"line":12,"column":30},"end":{"line":17,"column":1}},"2":{"start":{"line":19,"column":31},"end":{"line":26,"column":2}},"3":{"start":{"line":19,"column":47},"end":{"line":26,"column":1}},"4":{"start":{"line":28,"column":28},"end":{"line":31,"column":2}},"5":{"start":{"line":28,"column":44},"end":{"line":31,"column":1}},"6":{"start":{"line":33,"column":35},"end":{"line":33,"column":81}},"7":{"start":{"line":34,"column":34},"end":{"line":34,"column":79}}},"fnMap":{"0":{"name":"(anonymous_0)","decl":{"start":{"line":19,"column":31},"end":{"line":19,"column":32}},"loc":{"start":{"line":19,"column":47},"end":{"line":26,"column":1}},"line":19},"1":{"name":"(anonymous_1)","decl":{"start":{"line":28,"column":28},"end":{"line":28,"column":29}},"loc":{"start":{"line":28,"column":44},"end":{"line":31,"column":1}},"line":28}},"branchMap":{},"s":{"0":1,"1":1,"2":1,"3":3,"4":1,"5":3,"6":1,"7":1},"f":{"0":3,"1":3},"b":{},"_coverageSchema":"43e27e138ebf9cfc5966b082cf9a028302ed4184","hash":"747406aa6c29891d42a7475c95e100989904c2d6"}
,"/Users/rxluz/Documents/GitHub/booksys/src/modules/booking/Booking.js": {"path":"/Users/rxluz/Documents/GitHub/booksys/src/modules/booking/Booking.js","statementMap":{"0":{"start":{"line":24,"column":16},"end":{"line":89,"column":1}},"1":{"start":{"line":28,"column":37},"end":{"line":28,"column":48}},"2":{"start":{"line":29,"column":38},"end":{"line":29,"column":53}},"3":{"start":{"line":31,"column":25},"end":{"line":45,"column":3}},"4":{"start":{"line":32,"column":4},"end":{"line":44,"column":8}},"5":{"start":{"line":35,"column":8},"end":{"line":35,"column":74}},"6":{"start":{"line":36,"column":8},"end":{"line":36,"column":28}},"7":{"start":{"line":38,"column":8},"end":{"line":38,"column":30}},"8":{"start":{"line":41,"column":8},"end":{"line":43,"column":9}},"9":{"start":{"line":42,"column":10},"end":{"line":42,"column":42}},"10":{"start":{"line":47,"column":2},"end":{"line":49,"column":17}},"11":{"start":{"line":48,"column":4},"end":{"line":48,"column":20}},"12":{"start":{"line":51,"column":23},"end":{"line":51,"column":60}},"13":{"start":{"line":51,"column":29},"end":{"line":51,"column":60}},"14":{"start":{"line":53,"column":19},"end":{"line":60,"column":3}},"15":{"start":{"line":54,"column":4},"end":{"line":59,"column":5}},"16":{"start":{"line":55,"column":6},"end":{"line":55,"column":25}},"17":{"start":{"line":56,"column":6},"end":{"line":58,"column":8}},"18":{"start":{"line":57,"column":8},"end":{"line":57,"column":24}},"19":{"start":{"line":63,"column":4},"end":{"line":69,"column":6}},"20":{"start":{"line":72,"column":25},"end":{"line":86,"column":3}},"21":{"start":{"line":73,"column":51},"end":{"line":73,"column":61}},"22":{"start":{"line":74,"column":51},"end":{"line":74,"column":61}},"23":{"start":{"line":76,"column":6},"end":{"line":76,"column":88}},"24":{"start":{"line":78,"column":49},"end":{"line":78,"column":82}},"25":{"start":{"line":80,"column":6},"end":{"line":84,"column":8}},"26":{"start":{"line":88,"column":2},"end":{"line":88,"column":41}},"27":{"start":{"line":91,"column":0},"end":{"line":97,"column":1}},"28":{"start":{"line":99,"column":0},"end":{"line":101,"column":1}},"29":{"start":{"line":103,"column":24},"end":{"line":103,"column":72}},"30":{"start":{"line":103,"column":51},"end":{"line":103,"column":71}},"31":{"start":{"line":105,"column":26},"end":{"line":112,"column":3}},"32":{"start":{"line":106,"column":2},"end":{"line":112,"column":3}}},"fnMap":{"0":{"name":"(anonymous_0)","decl":{"start":{"line":24,"column":16},"end":{"line":24,"column":17}},"loc":{"start":{"line":27,"column":5},"end":{"line":89,"column":1}},"line":27},"1":{"name":"(anonymous_1)","decl":{"start":{"line":31,"column":25},"end":{"line":31,"column":26}},"loc":{"start":{"line":31,"column":64},"end":{"line":45,"column":3}},"line":31},"2":{"name":"(anonymous_2)","decl":{"start":{"line":34,"column":12},"end":{"line":34,"column":13}},"loc":{"start":{"line":34,"column":26},"end":{"line":39,"column":7}},"line":34},"3":{"name":"(anonymous_3)","decl":{"start":{"line":40,"column":12},"end":{"line":40,"column":13}},"loc":{"start":{"line":40,"column":26},"end":{"line":44,"column":7}},"line":40},"4":{"name":"(anonymous_4)","decl":{"start":{"line":47,"column":12},"end":{"line":47,"column":13}},"loc":{"start":{"line":47,"column":18},"end":{"line":49,"column":3}},"line":47},"5":{"name":"(anonymous_5)","decl":{"start":{"line":51,"column":23},"end":{"line":51,"column":24}},"loc":{"start":{"line":51,"column":29},"end":{"line":51,"column":60}},"line":51},"6":{"name":"(anonymous_6)","decl":{"start":{"line":53,"column":19},"end":{"line":53,"column":20}},"loc":{"start":{"line":53,"column":25},"end":{"line":60,"column":3}},"line":53},"7":{"name":"(anonymous_7)","decl":{"start":{"line":56,"column":56},"end":{"line":56,"column":57}},"loc":{"start":{"line":56,"column":62},"end":{"line":58,"column":7}},"line":56},"8":{"name":"(anonymous_8)","decl":{"start":{"line":73,"column":45},"end":{"line":73,"column":46}},"loc":{"start":{"line":73,"column":51},"end":{"line":73,"column":61}},"line":73},"9":{"name":"(anonymous_9)","decl":{"start":{"line":74,"column":45},"end":{"line":74,"column":46}},"loc":{"start":{"line":74,"column":51},"end":{"line":74,"column":61}},"line":74},"10":{"name":"(anonymous_10)","decl":{"start":{"line":75,"column":47},"end":{"line":75,"column":48}},"loc":{"start":{"line":76,"column":6},"end":{"line":76,"column":88}},"line":76},"11":{"name":"(anonymous_11)","decl":{"start":{"line":78,"column":43},"end":{"line":78,"column":44}},"loc":{"start":{"line":78,"column":49},"end":{"line":78,"column":82}},"line":78},"12":{"name":"(anonymous_12)","decl":{"start":{"line":79,"column":45},"end":{"line":79,"column":46}},"loc":{"start":{"line":80,"column":6},"end":{"line":84,"column":8}},"line":80},"13":{"name":"(anonymous_13)","decl":{"start":{"line":103,"column":24},"end":{"line":103,"column":25}},"loc":{"start":{"line":103,"column":51},"end":{"line":103,"column":71}},"line":103},"14":{"name":"(anonymous_14)","decl":{"start":{"line":105,"column":26},"end":{"line":105,"column":27}},"loc":{"start":{"line":106,"column":2},"end":{"line":112,"column":3}},"line":106}},"branchMap":{"0":{"loc":{"start":{"line":31,"column":26},"end":{"line":31,"column":59}},"type":"default-arg","locations":[{"start":{"line":31,"column":57},"end":{"line":31,"column":59}}],"line":31},"1":{"loc":{"start":{"line":31,"column":28},"end":{"line":31,"column":39}},"type":"default-arg","locations":[{"start":{"line":31,"column":35},"end":{"line":31,"column":39}}],"line":31},"2":{"loc":{"start":{"line":31,"column":41},"end":{"line":31,"column":52}},"type":"default-arg","locations":[{"start":{"line":31,"column":48},"end":{"line":31,"column":52}}],"line":31},"3":{"loc":{"start":{"line":41,"column":8},"end":{"line":43,"column":9}},"type":"if","locations":[{"start":{"line":41,"column":8},"end":{"line":43,"column":9}},{"start":{"line":41,"column":8},"end":{"line":43,"column":9}}],"line":41},"4":{"loc":{"start":{"line":41,"column":12},"end":{"line":41,"column":40}},"type":"binary-expr","locations":[{"start":{"line":41,"column":12},"end":{"line":41,"column":20}},{"start":{"line":41,"column":24},"end":{"line":41,"column":40}}],"line":41},"5":{"loc":{"start":{"line":54,"column":4},"end":{"line":59,"column":5}},"type":"if","locations":[{"start":{"line":54,"column":4},"end":{"line":59,"column":5}},{"start":{"line":54,"column":4},"end":{"line":59,"column":5}}],"line":54}},"s":{"0":0,"1":0,"2":0,"3":0,"4":0,"5":0,"6":0,"7":0,"8":0,"9":0,"10":0,"11":0,"12":0,"13":0,"14":0,"15":0,"16":0,"17":0,"18":0,"19":0,"20":0,"21":0,"22":0,"23":0,"24":0,"25":0,"26":0,"27":0,"28":0,"29":0,"30":0,"31":0,"32":0},"f":{"0":0,"1":0,"2":0,"3":0,"4":0,"5":0,"6":0,"7":0,"8":0,"9":0,"10":0,"11":0,"12":0,"13":0,"14":0},"b":{"0":[0],"1":[0],"2":[0],"3":[0,0],"4":[0,0],"5":[0,0]},"hash":"5c5f451c2bc1f7b1b40a874dc589702528ecc1fd"}
,"/Users/rxluz/Documents/GitHub/booksys/src/modules/booking/Booking.services.js": {"path":"/Users/rxluz/Documents/GitHub/booksys/src/modules/booking/Booking.services.js","statementMap":{"0":{"start":{"line":6,"column":30},"end":{"line":11,"column":4}},"1":{"start":{"line":7,"column":2},"end":{"line":11,"column":4}},"2":{"start":{"line":13,"column":29},"end":{"line":18,"column":4}},"3":{"start":{"line":14,"column":2},"end":{"line":18,"column":4}}},"fnMap":{"0":{"name":"(anonymous_0)","decl":{"start":{"line":6,"column":30},"end":{"line":6,"column":31}},"loc":{"start":{"line":7,"column":2},"end":{"line":11,"column":4}},"line":7},"1":{"name":"(anonymous_1)","decl":{"start":{"line":13,"column":29},"end":{"line":13,"column":30}},"loc":{"start":{"line":14,"column":2},"end":{"line":18,"column":4}},"line":14}},"branchMap":{},"s":{"0":0,"1":0,"2":0,"3":0},"f":{"0":0,"1":0},"b":{},"hash":"b80e9129b9a01b913ac3e813e248f63a432da847"}
,"/Users/rxluz/Documents/GitHub/booksys/src/modules/booking/change/Change.page.js": {"path":"/Users/rxluz/Documents/GitHub/booksys/src/modules/booking/change/Change.page.js","statementMap":{"0":{"start":{"line":10,"column":37},"end":{"line":33,"column":8}},"1":{"start":{"line":11,"column":2},"end":{"line":33,"column":8}},"2":{"start":{"line":12,"column":4},"end":{"line":17,"column":5}},"3":{"start":{"line":16,"column":6},"end":{"line":16,"column":40}},"4":{"start":{"line":19,"column":23},"end":{"line":25,"column":6}},"5":{"start":{"line":20,"column":6},"end":{"line":22,"column":7}},"6":{"start":{"line":21,"column":8},"end":{"line":21,"column":19}},"7":{"start":{"line":24,"column":6},"end":{"line":24,"column":86}},"8":{"start":{"line":27,"column":4},"end":{"line":30,"column":6}},"9":{"start":{"line":32,"column":4},"end":{"line":32,"column":38}},"10":{"start":{"line":35,"column":15},"end":{"line":137,"column":1}},"11":{"start":{"line":36,"column":37},"end":{"line":36,"column":42}},"12":{"start":{"line":38,"column":28},"end":{"line":38,"column":73}},"13":{"start":{"line":39,"column":44},"end":{"line":39,"column":89}},"14":{"start":{"line":40,"column":26},"end":{"line":40,"column":37}},"15":{"start":{"line":42,"column":20},"end":{"line":42,"column":36}},"16":{"start":{"line":42,"column":26},"end":{"line":42,"column":36}},"17":{"start":{"line":44,"column":29},"end":{"line":47,"column":3}},"18":{"start":{"line":45,"column":4},"end":{"line":45,"column":49}},"19":{"start":{"line":46,"column":4},"end":{"line":46,"column":15}},"20":{"start":{"line":49,"column":32},"end":{"line":53,"column":3}},"21":{"start":{"line":50,"column":4},"end":{"line":50,"column":27}},"22":{"start":{"line":51,"column":4},"end":{"line":51,"column":49}},"23":{"start":{"line":52,"column":4},"end":{"line":52,"column":15}},"24":{"start":{"line":55,"column":24},"end":{"line":58,"column":3}},"25":{"start":{"line":56,"column":4},"end":{"line":56,"column":19}},"26":{"start":{"line":57,"column":4},"end":{"line":57,"column":15}},"27":{"start":{"line":60,"column":41},"end":{"line":64,"column":4}},"28":{"start":{"line":66,"column":24},"end":{"line":66,"column":84}},"29":{"start":{"line":68,"column":23},"end":{"line":68,"column":24}},"30":{"start":{"line":69,"column":23},"end":{"line":69,"column":43}},"31":{"start":{"line":70,"column":21},"end":{"line":70,"column":48}},"32":{"start":{"line":72,"column":27},"end":{"line":72,"column":54}},"33":{"start":{"line":74,"column":2},"end":{"line":136,"column":3}},"34":{"start":{"line":120,"column":12},"end":{"line":120,"column":97}},"35":{"start":{"line":139,"column":0},"end":{"line":141,"column":1}},"36":{"start":{"line":140,"column":24},"end":{"line":140,"column":29}},"37":{"start":{"line":143,"column":0},"end":{"line":147,"column":1}}},"fnMap":{"0":{"name":"(anonymous_0)","decl":{"start":{"line":10,"column":37},"end":{"line":10,"column":38}},"loc":{"start":{"line":11,"column":2},"end":{"line":33,"column":8}},"line":11},"1":{"name":"(anonymous_1)","decl":{"start":{"line":11,"column":32},"end":{"line":11,"column":33}},"loc":{"start":{"line":11,"column":79},"end":{"line":33,"column":3}},"line":11},"2":{"name":"(anonymous_2)","decl":{"start":{"line":19,"column":49},"end":{"line":19,"column":50}},"loc":{"start":{"line":19,"column":59},"end":{"line":25,"column":5}},"line":19},"3":{"name":"(anonymous_3)","decl":{"start":{"line":35,"column":15},"end":{"line":35,"column":16}},"loc":{"start":{"line":35,"column":49},"end":{"line":137,"column":1}},"line":35},"4":{"name":"(anonymous_4)","decl":{"start":{"line":42,"column":20},"end":{"line":42,"column":21}},"loc":{"start":{"line":42,"column":26},"end":{"line":42,"column":36}},"line":42},"5":{"name":"(anonymous_5)","decl":{"start":{"line":44,"column":29},"end":{"line":44,"column":30}},"loc":{"start":{"line":44,"column":35},"end":{"line":47,"column":3}},"line":44},"6":{"name":"(anonymous_6)","decl":{"start":{"line":49,"column":32},"end":{"line":49,"column":33}},"loc":{"start":{"line":49,"column":43},"end":{"line":53,"column":3}},"line":49},"7":{"name":"(anonymous_7)","decl":{"start":{"line":55,"column":24},"end":{"line":55,"column":25}},"loc":{"start":{"line":55,"column":35},"end":{"line":58,"column":3}},"line":55},"8":{"name":"(anonymous_8)","decl":{"start":{"line":119,"column":15},"end":{"line":119,"column":16}},"loc":{"start":{"line":120,"column":12},"end":{"line":120,"column":97}},"line":120},"9":{"name":"(anonymous_9)","decl":{"start":{"line":140,"column":13},"end":{"line":140,"column":14}},"loc":{"start":{"line":140,"column":24},"end":{"line":140,"column":29}},"line":140}},"branchMap":{"0":{"loc":{"start":{"line":12,"column":4},"end":{"line":17,"column":5}},"type":"if","locations":[{"start":{"line":12,"column":4},"end":{"line":17,"column":5}},{"start":{"line":12,"column":4},"end":{"line":17,"column":5}}],"line":12},"1":{"loc":{"start":{"line":13,"column":6},"end":{"line":14,"column":63}},"type":"binary-expr","locations":[{"start":{"line":13,"column":6},"end":{"line":13,"column":40}},{"start":{"line":14,"column":6},"end":{"line":14,"column":63}}],"line":13},"2":{"loc":{"start":{"line":20,"column":6},"end":{"line":22,"column":7}},"type":"if","locations":[{"start":{"line":20,"column":6},"end":{"line":22,"column":7}},{"start":{"line":20,"column":6},"end":{"line":22,"column":7}}],"line":20},"3":{"loc":{"start":{"line":24,"column":13},"end":{"line":24,"column":86}},"type":"cond-expr","locations":[{"start":{"line":24,"column":74},"end":{"line":24,"column":78}},{"start":{"line":24,"column":81},"end":{"line":24,"column":86}}],"line":24},"4":{"loc":{"start":{"line":24,"column":13},"end":{"line":24,"column":71}},"type":"binary-expr","locations":[{"start":{"line":24,"column":13},"end":{"line":24,"column":39}},{"start":{"line":24,"column":43},"end":{"line":24,"column":71}}],"line":24},"5":{"loc":{"start":{"line":124,"column":7},"end":{"line":134,"column":7}},"type":"binary-expr","locations":[{"start":{"line":124,"column":7},"end":{"line":124,"column":23}},{"start":{"line":125,"column":8},"end":{"line":133,"column":14}}],"line":124}},"s":{"0":1,"1":1,"2":0,"3":0,"4":0,"5":0,"6":0,"7":0,"8":0,"9":0,"10":1,"11":1,"12":1,"13":1,"14":1,"15":1,"16":0,"17":1,"18":0,"19":0,"20":1,"21":0,"22":0,"23":0,"24":1,"25":0,"26":0,"27":1,"28":1,"29":1,"30":1,"31":1,"32":1,"33":1,"34":0,"35":1,"36":0,"37":1},"f":{"0":1,"1":0,"2":0,"3":1,"4":0,"5":0,"6":0,"7":0,"8":0,"9":0},"b":{"0":[0,0],"1":[0,0],"2":[0,0],"3":[0,0],"4":[0,0],"5":[1,0]},"_coverageSchema":"43e27e138ebf9cfc5966b082cf9a028302ed4184","hash":"0dd08220841451732761d99ce32cc08fe5a87655"}
,"/Users/rxluz/Documents/GitHub/booksys/src/modules/booking/create/Create.constants.js": {"path":"/Users/rxluz/Documents/GitHub/booksys/src/modules/booking/create/Create.constants.js","statementMap":{"0":{"start":{"line":3,"column":26},"end":{"line":8,"column":1}},"1":{"start":{"line":10,"column":35},"end":{"line":10,"column":81}}},"fnMap":{},"branchMap":{},"s":{"0":1,"1":1},"f":{},"b":{},"_coverageSchema":"43e27e138ebf9cfc5966b082cf9a028302ed4184","hash":"9e879e2a5b8d42674c0220a4dfa190a1a82a5cf0"}
,"/Users/rxluz/Documents/GitHub/booksys/src/modules/booking/create/Create.js": {"path":"/Users/rxluz/Documents/GitHub/booksys/src/modules/booking/create/Create.js","statementMap":{"0":{"start":{"line":14,"column":15},"end":{"line":59,"column":1}},"1":{"start":{"line":15,"column":26},"end":{"line":15,"column":37}},"2":{"start":{"line":17,"column":42},"end":{"line":17,"column":57}},"3":{"start":{"line":18,"column":50},"end":{"line":18,"column":65}},"4":{"start":{"line":19,"column":68},"end":{"line":19,"column":83}},"5":{"start":{"line":21,"column":19},"end":{"line":37,"column":3}},"6":{"start":{"line":22,"column":4},"end":{"line":22,"column":25}},"7":{"start":{"line":23,"column":19},"end":{"line":23,"column":77}},"8":{"start":{"line":24,"column":23},"end":{"line":24,"column":29}},"9":{"start":{"line":26,"column":4},"end":{"line":34,"column":5}},"10":{"start":{"line":27,"column":6},"end":{"line":27,"column":56}},"11":{"start":{"line":28,"column":6},"end":{"line":28,"column":40}},"12":{"start":{"line":29,"column":6},"end":{"line":29,"column":28}},"13":{"start":{"line":31,"column":6},"end":{"line":31,"column":64}},"14":{"start":{"line":31,"column":23},"end":{"line":31,"column":57}},"15":{"start":{"line":33,"column":6},"end":{"line":33,"column":12}},"16":{"start":{"line":36,"column":4},"end":{"line":36,"column":29}},"17":{"start":{"line":39,"column":26},"end":{"line":43,"column":3}},"18":{"start":{"line":40,"column":4},"end":{"line":40,"column":54}},"19":{"start":{"line":41,"column":4},"end":{"line":41,"column":30}},"20":{"start":{"line":42,"column":4},"end":{"line":42,"column":26}},"21":{"start":{"line":45,"column":2},"end":{"line":58,"column":3}},"22":{"start":{"line":61,"column":0},"end":{"line":61,"column":82}},"23":{"start":{"line":63,"column":0},"end":{"line":65,"column":1}},"24":{"start":{"line":67,"column":24},"end":{"line":69,"column":2}},"25":{"start":{"line":67,"column":42},"end":{"line":69,"column":1}},"26":{"start":{"line":71,"column":26},"end":{"line":77,"column":3}},"27":{"start":{"line":72,"column":2},"end":{"line":77,"column":3}}},"fnMap":{"0":{"name":"(anonymous_0)","decl":{"start":{"line":14,"column":15},"end":{"line":14,"column":16}},"loc":{"start":{"line":14,"column":68},"end":{"line":59,"column
[...]
,"/Users/rxluz/Documents/GitHub/booksys/src/modules/company/Company.actions.js": {"path":"/Users/rxluz/Documents/GitHub/booksys/src/modules/company/Company.actions.js","statementMap":{"0":{"start":{"line":3,"column":30},"end":{"line":3,"column":56}},"1":{"start":{"line":4,"column":32},"end":{"line":4,"column":60}}},"fnMap":{},"branchMap":{},"s":{"0":0,"1":0},"f":{},"b":{},"hash":"e774dc0ac69b1ad90182d8d581a415181bffb061"}
,"/Users/rxluz/Documents/GitHub/booksys/src/modules/company/Company.constants.js": {"path":"/Users/rxluz/Documents/GitHub/booksys/src/modules/company/Company.constants.js","statementMap":{"0":{"start":{"line":3,"column":32},"end":{"line":4,"column":55}},"1":{"start":{"line":4,"column":2},"end":{"line":4,"column":55}},"2":{"start":{"line":6,"column":26},"end":{"line":11,"column":1}},"3":{"start":{"line":13,"column":22},"end":{"line":16,"column":1}}},"fnMap":{"0":{"name":"(anonymous_0)","decl":{"start":{"line":3,"column":32},"end":{"line":3,"column":33}},"loc":{"start":{"line":4,"column":2},"end":{"line":4,"column":55}},"line":4}},"branchMap":{},"s":{"0":0,"1":0,"2":0,"3":0},"f":{"0":0},"b":{},"hash":"e97c1e704fb0f127862597b579d2d0b3f1b61432"}
,"/Users/rxluz/Documents/GitHub/booksys/src/modules/company/Company.js": {"path":"/Users/rxluz/Documents/GitHub/booksys/src/modules/company/Company.js","statementMap":{"0":{"start":{"line":13,"column":16},"end":{"line":56,"column":1}},"1":{"start":{"line":14,"column":36},"end":{"line":14,"column":81}},"2":{"start":{"line":15,"column":26},"end":{"line":15,"column":37}},"3":{"start":{"line":17,"column":28},"end":{"line":41,"column":3}},"4":{"start":{"line":18,"column":4},"end":{"line":20,"column":5}},"5":{"start":{"line":19,"column":6},"end":{"line":19,"column":55}},"6":{"start":{"line":22,"column":28},"end":{"line":26,"column":5}},"7":{"start":{"line":28,"column":23},"end":{"line":28,"column":49}},"8":{"start":{"line":30,"column":4},"end":{"line":40,"column":27}},"9":{"start":{"line":33,"column":26},"end":{"line":33,"column":96}},"10":{"start":{"line":34,"column":8},"end":{"line":36,"column":9}},"11":{"start":{"line":35,"column":10},"end":{"line":35,"column":33}},"12":{"start":{"line":38,"column":8},"end":{"line":38,"column":30}},"13":{"start":{"line":43,"column":2},"end":{"line":45,"column":19}},"14":{"start":{"line":44,"column":4},"end":{"line":44,"column":23}},"15":{"start":{"line":47,"column":2},"end":{"line":49,"column":3}},"16":{"start":{"line":48,"column":4},"end":{"line":48,"column":23}},"17":{"start":{"line":51,"column":2},"end":{"line":55,"column":3}},"18":{"start":{"line":58,"column":0},"end":{"line":62,"column":1}},"19":{"start":{"line":64,"column":0},"end":{"line":69,"column":1}},"20":{"start":{"line":71,"column":24},"end":{"line":73,"column":2}},"21":{"start":{"line":71,"column":42},"end":{"line":73,"column":1}},"22":{"start":{"line":75,"column":26},"end":{"line":81,"column":3}},"23":{"start":{"line":76,"column":2},"end":{"line":81,"column":3}}},"fnMap":{"0":{"name":"(anonymous_0)","decl":{"start":{"line":13,"column":16},"end":{"line":13,"column":17}},"loc":{"start":{"line":13,"column":77},"end":{"line":56,"column":1}},"line":13},"1":{"name":"(anonymous_1)","decl":{"start":{"line":17,"column":28},"end":{"line":17,"column":29}},"loc":{"start":{"line":17,"column":34},"end":{"line":41,"column":3}},"line":17},"2":{"name":"(anonymous_2)","decl":{"start":{"line":32,"column":12},"end":{"line":32,"column":13}},"loc":{"start":{"line":32,"column":26},"end":{"line":39,"column":7}},"line":32},"3":{"name":"(anonymous_3)","decl":{"start":{"line":43,"column":18},"end":{"line":43,"column":19}},"loc":{"start":{"line":43,"column":24},"end":{"line":45,"column":3}},"line":43},"4":{"name":"(anonymous_4)","decl":{"start":{"line":71,"column":24},"end":{"line":71,"column":25}},"loc":{"start":{"line":71,"column":42},"end":{"line":73,"column":1}},"line":71},"5":{"name":"(anonymous_5)","decl":{"start":{"line":75,"column":26},"end":{"line":75,"column":27}},"loc":{"start":{"line":76,"column":2},"end":{"line":81,"column":3}},"line":76}},"branchMap":{"0":{"loc":{"start":{"line":18,"column":4},"end":{"line":20,"column":5}},"type":"if","locations":[{"start":{"line":18,"column":4},"end":{"line":20,"column":5}},{"start":{"line":18,"column":4},"end":{"line":20,"column":5}}],"line":18},"1":{"loc":{"start":{"line":33,"column":26},"end":{"line":33,"column":96}},"type":"binary-expr","locations":[{"start":{"line":33,"column":26},"end":{"line":33,"column":58}},{"start":{"line":33,"column":62},"end":{"line":33,"column":96}}],"line":33},"2":{"loc":{"start":{"line":34,"column":8},"end":{"line":36,"column":9}},"type":"if","locations":[{"start":{"line":34,"column":8},"end":{"line":36,"column":9}},{"start":{"line":34,"column":8},"end":{"line":36,"column":9}}],"line":34},"3":{"loc":{"start":{"line":47,"column":2},"end":{"line":49,"column":3}},"type":"if","locations":[{"start":{"line":47,"column":2},"end":{"line":49,"column":3}},{"start":{"line":47,"column":2},"end":{"line":49,"column":3}}],"line":47}},"s":{"0":0,"1":0,"2":0,"3":0,"4":0,"5":0,"6":0,"7":0,"8":0,"9":0,"10":0,"11":0,"12":0,"13":0,"14":0,"15":0,"16":0,"17":0,"18":0,"19":0,"20":0,"21":0,"22":0,"23":0},"f":{"0":0,"1":0,"2":0,"3":0,"4":0,"5":0},"b":{"0":[0,0],"1":[0,0],"2":[0,0],"3":[0,0]},"hash":"2a75dc9bc655d9a2188f5d00905cbbd18a6d700a"}
,"/Users/rxluz/Documents/GitHub/booksys/src/modules/company/Company.page.js": {"path":"/Users/rxluz/Documents/GitHub/booksys/src/modules/company/Company.page.js","statementMap":{"0":{"start":{"line":8,"column":20},"end":{"line":23,"column":1}},"1":{"start":{"line":9,"column":25},"end":{"line":13,"column":3}},"2":{"start":{"line":10,"column":4},"end":{"line":12,"column":18}},"3":{"start":{"line":15,"column":25},"end":{"line":20,"column":3}},"4":{"start":{"line":16,"column":19},"end":{"line":16,"column":52}},"5":{"start":{"line":18,"column":18},"end":{"line":18,"column":52}},"6":{"start":{"line":22,"column":2},"end":{"line":22,"column":32}},"7":{"start":{"line":25,"column":0},"end":{"line":27,"column":1}},"8":{"start":{"line":26,"column":24},"end":{"line":26,"column":29}},"9":{"start":{"line":29,"column":0},"end":{"line":36,"column":1}}},"fnMap":{"0":{"name":"(anonymous_0)","decl":{"start":{"line":8,"column":20},"end":{"line":8,"column":21}},"loc":{"start":{"line":8,"column":62},"end":{"line":23,"column":1}},"line":8},"1":{"name":"(anonymous_1)","decl":{"start":{"line":9,"column":25},"end":{"line":9,"column":26}},"loc":{"start":{"line":10,"column":4},"end":{"line":12,"column":18}},"line":10},"2":{"name":"(anonymous_2)","decl":{"start":{"line":16,"column":13},"end":{"line":16,"column":14}},"loc":{"start":{"line":16,"column":19},"end":{"line":16,"column":52}},"line":16},"3":{"name":"(anonymous_3)","decl":{"start":{"line":18,"column":12},"end":{"line":18,"column":13}},"loc":{"start":{"line":18,"column":18},"end":{"line":18,"column":52}},"line":18},"4":{"name":"(anonymous_4)","decl":{"start":{"line":26,"column":13},"end":{"line":26,"column":14}},"loc":{"start":{"line":26,"column":24},"end":{"line":26,"column":29}},"line":26}},"branchMap":{},"s":{"0":0,"1":0,"2":0,"3":0,"4":0,"5":0,"6":0,"7":0,"8":0,"9":0},"f":{"0":0,"1":0,"2":0,"3":0,"4":0},"b":{},"hash":"bf3dd6bfdec164e954c8b64c5259e62dda0c4106"}
,"/Users/rxluz/Documents/GitHub/booksys/src/modules/company/Company.services.js": {"path":"/Users/rxluz/Documents/GitHub/booksys/src/modules/company/Company.services.js","statementMap":{"0":{"start":{"line":3,"column":30},"end":{"line":3,"column":100}},"1":{"start":{"line":3,"column":47},"end":{"line":3,"column":100}}},"fnMap":{"0":{"name":"(anonymous_0)","decl":{"start":{"line":3,"column":30},"end":{"line":3,"column":31}},"loc":{"start":{"line":3,"column":47},"end":{"line":3,"column":100}},"line":3}},"branchMap":{},"s":{"0":0,"1":0},"f":{"0":0},"b":{},"hash":"45db3204df2215403b9e0cc913e5cdf1c262b555"}
,"/Users/rxluz/Documents/GitHub/booksys/src/modules/main/BodyClasses.js": {"path":"/Users/rxluz/Documents/GitHub/booksys/src/modules/main/BodyClasses.js","statementMap":{"0":{"start":{"line":7,"column":17},"end":{"line":7,"column":25}},"1":{"start":{"line":9,"column":26},"end":{"line":17,"column":1}},"2":{"start":{"line":10,"column":20},"end":{"line":10,"column":69}},"3":{"start":{"line":10,"column":30},"end":{"line":10,"column":69}},"4":{"start":{"line":12,"column":32},"end":{"line":12,"column":40}},"5":{"start":{"line":14,"column":2},"end":{"line":14,"column":37}},"6":{"start":{"line":15,"column":2},"end":{"line":15,"column":53}},"7":{"start":{"line":16,"column":2},"end":{"line":16,"column":35}},"8":{"start":{"line":19,"column":27},"end":{"line":23,"column":1}},"9":{"start":{"line":20,"column":2},"end":{"line":20,"column":36}},"10":{"start":{"line":21,"column":2},"end":{"line":21,"column":37}},"11":{"start":{"line":22,"column":2},"end":{"line":22,"column":63}},"12":{"start":{"line":25,"column":32},"end":{"line":27,"column":1}},"13":{"start":{"line":26,"column":2},"end":{"line":26,"column":70}},"14":{"start":{"line":29,"column":20},"end":{"line":37,"column":1}},"15":{"start":{"line":30,"column":35},"end":{"line":30,"column":73}},"16":{"start":{"line":30,"column":58},"end":{"line":30,"column":72}},"17":{"start":{"line":32,"column":2},"end":{"line":32,"column":34}},"18":{"start":{"line":33,"column":2},"end":{"line":33,"column":27}},"19":{"start":{"line":34,"column":2},"end":{"line":34,"column":21}},"20":{"start":{"line":36,"column":2},"end":{"line":36,"column":23}}},"fnMap":{"0":{"name":"(anonymous_0)","decl":{"start":{"line":9,"column":26},"end":{"line":9,"column":27}},"loc":{"start":{"line":9,"column":32},"end":{"line":17,"column":1}},"line":9},"1":{"name":"(anonymous_1)","decl":{"start":{"line":10,"column":20},"end":{"line":10,"column":21}},"loc":{"start":{"line":10,"column":30},"end":{"line":10,"column":69}},"line":10},"2":{"name":"(anonymous_2)","decl":{"start":{"line":19,"column":27},"end":{"line":19,"column":28}},"loc":{"start":{"line":19,"column":33},"end":{"line":23,"column":1}},"line":19},"3":{"name":"(anonymous_3)","decl":{"start":{"line":25,"column":32},"end":{"line":25,"column":33}},"loc":{"start":{"line":25,"column":38},"end":{"line":27,"column":1}},"line":25},"4":{"name":"(anonymous_4)","decl":{"start":{"line":29,"column":20},"end":{"line":29,"column":21}},"loc":{"start":{"line":29,"column":31},"end":{"line":37,"column":1}},"line":29},"5":{"name":"(anonymous_5)","decl":{"start":{"line":30,"column":47},"end":{"line":30,"column":48}},"loc":{"start":{"line":30,"column":58},"end":{"line":30,"column":72}},"line":30}},"branchMap":{"0":{"loc":{"start":{"line":22,"column":24},"end":{"line":22,"column":55}},"type":"cond-expr","locations":[{"start":{"line":22,"column":39},"end":{"line":22,"column":45}},{"start":{"line":22,"column":48},"end":{"line":22,"column":55}}],"line":22},"1":{"loc":{"start":{"line":26,"column":21},"end":{"line":26,"column":69}},"type":"cond-expr","locations":[{"start":{"line":26,"column":42},"end":{"line":26,"column":57}},{"start":{"line":26,"column":60},"end":{"line":26,"column":69}}],"line":26},"2":{"loc":{"start":{"line":30,"column":10},"end":{"line":30,"column":30}},"type":"default-arg","locations":[{"start":{"line":30,"column":21},"end":{"line":30,"column":30}}],"line":30}},"s":{"0":0,"1":0,"2":0,"3":0,"4":0,"5":0,"6":0,"7":0,"8":0,"9":0,"10":0,"11":0,"12":0,"13":0,"14":0,"15":0,"16":0,"17":0,"18":0,"19":0,"20":0},"f":{"0":0,"1":0,"2":0,"3":0,"4":0,"5":0},"b":{"0":[0,0],"1":[0,0],"2":[0]},"hash":"ac2d287a83e5b20c21b61becccd28bacdfa970dc"}
,"/Users/rxluz/Documents/GitHub/booksys/src/modules/main/Main.js": {"path":"/Users/rxluz/Documents/GitHub/booksys/src/modules/main/Main.js","statementMap":{"0":{"start":{"line":17,"column":13},"end":{"line":37,"column":1}},"1":{"start":{"line":18,"column":2},"end":{"line":36,"column":16}},"2":{"start":{"line":39,"column":0},"end":{"line":41,"column":1}},"3":{"start":{"line":40,"column":24},"end":{"line":40,"column":29}},"4":{"start":{"line":43,"column":0},"end":{"line":45,"column":1}}},"fnMap":{"0":{"name":"(anonymous_0)","decl":{"start":{"line":17,"column":13},"end":{"line":17,"column":14}},"loc":{"start":{"line":18,"column":2},"end":{"line":36,"column":16}},"line":18},"1":{"name":"(anonymous_1)","decl":{"start":{"line":40,"column":13},"end":{"line":40,"column":14}},"loc":{"start":{"line":40,"column":24},"end":{"line":40,"column":29}},"line":40}},"branchMap":{},"s":{"0":0,"1":0,"2":0,"3":0,"4":0},"f":{"0":0,"1":0},"b":{},"hash":"807a2d420688f24e5611d50fe0f421e34ba9836f"}
,"/Users/rxluz/Documents/GitHub/booksys/src/modules/main/NotFound.js": {"path":"/Users/rxluz/Documents/GitHub/booksys/src/modules/main/NotFound.js","statementMap":{"0":{"start":{"line":5,"column":17},"end":{"line":12,"column":1}},"1":{"start":{"line":6,"column":2},"end":{"line":11,"column":8}},"2":{"start":{"line":14,"column":0},"end":{"line":16,"column":1}},"3":{"start":{"line":15,"column":24},"end":{"line":15,"column":29}},"4":{"start":{"line":18,"column":0},"end":{"line":20,"column":1}}},"fnMap":{"0":{"name":"(anonymous_0)","decl":{"start":{"line":5,"column":17},"end":{"line":5,"column":18}},"loc":{"start":{"line":6,"column":2},"end":{"line":11,"column":8}},"line":6},"1":{"name":"(anonymous_1)","decl":{"start":{"line":15,"column":13},"end":{"line":15,"column":14}},"loc":{"start":{"line":15,"column":24},"end":{"line":15,"column":29}},"line":15}},"branchMap":{},"s":{"0":0,"1":0,"2":0,"3":0,"4":0},"f":{"0":0,"1":0},"b":{},"hash":"1d134a9aca1ad0284dd4085adeaa4c130a65210f"}
,"/Users/rxluz/Documents/GitHub/booksys/src/reducers/booking.js": {"path":"/Users/rxluz/Documents/GitHub/booksys/src/reducers/booking.js","statementMap":{"0":{"start":{"line":3,"column":24},"end":{"line":11,"column":2}},"1":{"start":{"line":3,"column":31},"end":{"line":11,"column":1}},"2":{"start":{"line":13,"column":13},"end":{"line":20,"column":2}},"3":{"start":{"line":13,"column":20},"end":{"line":20,"column":1}},"4":{"start":{"line":15,"column":4},"end":{"line":15,"column":52}},"5":{"start":{"line":18,"column":4},"end":{"line":18,"column":47}}},"fnMap":{"0":{"name":"(anonymous_0)","decl":{"start":{"line":3,"column":24},"end":{"line":3,"column":25}},"loc":{"start":{"line":3,"column":31},"end":{"line":11,"column":1}},"line":3},"1":{"name":"(anonymous_1)","decl":{"start":{"line":13,"column":13},"end":{"line":13,"column":14}},"loc":{"start":{"line":13,"column":20},"end":{"line":20,"column":1}},"line":13},"2":{"name":"(anonymous_2)","decl":{"start":{"line":14,"column":22},"end":{"line":14,"column":23}},"loc":{"start":{"line":14,"column":48},"end":{"line":16,"column":3}},"line":14},"3":{"name":"(anonymous_3)","decl":{"start":{"line":17,"column":20},"end":{"line":17,"column":21}},"loc":{"start":{"line":17,"column":46},"end":{"line":19,"column":3}},"line":17}},"branchMap":{},"s":{"0":0,"1":0,"2":0,"3":0,"4":0,"5":0},"f":{"0":0,"1":0,"2":0,"3":0},"b":{},"hash":"6d86250ba0bb2bbc38fcd1367eb11b09aa24454c"}
,"/Users/rxluz/Documents/GitHub/booksys/src/reducers/company.js": {"path":"/Users/rxluz/Documents/GitHub/booksys/src/reducers/company.js","statementMap":{"0":{"start":{"line":3,"column":24},"end":{"line":13,"column":2}},"1":{"start":{"line":3,"column":31},"end":{"line":13,"column":1}},"2":{"start":{"line":15,"column":13},"end":{"line":22,"column":2}},"3":{"start":{"line":15,"column":20},"end":{"line":22,"column":1}},"4":{"start":{"line":17,"column":4},"end":{"line":17,"column":47}},"5":{"start":{"line":20,"column":4},"end":{"line":20,"column":52}}},"fnMap":{"0":{"name":"(anonymous_0)","decl":{"start":{"line":3,"column":24},"end":{"line":3,"column":25}},"loc":{"start":{"line":3,"column":31},"end":{"line":13,"column":1}},"line":3},"1":{"name":"(anonymous_1)","decl":{"start":{"line":15,"column":13},"end":{"line":15,"column":14}},"loc":{"start":{"line":15,"column":20},"end":{"line":22,"column":1}},"line":15},"2":{"name":"(anonymous_2)","decl":{"start":{"line":16,"column":20},"end":{"line":16,"column":21}},"loc":{"start":{"line":16,"column":46},"end":{"line":18,"column":3}},"line":16},"3":{"name":"(anonymous_3)","decl":{"start":{"line":19,"column":22},"end":{"line":19,"column":23}},"loc":{"start":{"line":19,"column":48},"end":{"line":21,"column":3}},"line":19}},"branchMap":{},"s":{"0":0,"1":0,"2":0,"3":0,"4":0,"5":0},"f":{"0":0,"1":0,"2":0,"3":0},"b":{},"hash":"0af35b474f7e79658d1559daead855ab35d59859"}
,"/Users/rxluz/Documents/GitHub/booksys/src/reducers/configureStore.js": {"path":"/Users/rxluz/Documents/GitHub/booksys/src/reducers/configureStore.js","statementMap":{"0":{"start":{"line":10,"column":22},"end":{"line":13,"column":1}},"1":{"start":{"line":15,"column":25},"end":{"line":15,"column":67}},"2":{"start":{"line":18,"column":22},"end":{"line":21,"column":19}},"3":{"start":{"line":23,"column":29},"end":{"line":23,"column":60}},"4":{"start":{"line":26,"column":4},"end":{"line":28,"column":41}},"5":{"start":{"line":30,"column":20},"end":{"line":32,"column":3}},"6":{"start":{"line":33,"column":28},"end":{"line":33,"column":49}},"7":{"start":{"line":35,"column":14},"end":{"line":35,"column":78}},"8":{"start":{"line":37,"column":18},"end":{"line":37,"column":37}},"9":{"start":{"line":39,"column":2},"end":{"line":39,"column":29}}},"fnMap":{"0":{"name":"configureStore","decl":{"start":{"line":17,"column":24},"end":{"line":17,"column":38}},"loc":{"start":{"line":17,"column":55},"end":{"line":40,"column":1}},"line":17}},"branchMap":{"0":{"loc":{"start":{"line":19,"column":4},"end":{"line":19,"column":62}},"type":"binary-expr","locations":[{"start":{"line":19,"column":4},"end":{"line":19,"column":42}},{"start":{"line":19,"column":46},"end":{"line":19,"column":62}}],"line":19},"1":{"loc":{"start":{"line":26,"column":4},"end":{"line":28,"column":41}},"type":"binary-expr","locations":[{"start":{"line":26,"column":4},"end":{"line":26,"column":42}},{"start":{"line":27,"column":4},"end":{"line":27,"column":39}},{"start":{"line":28,"column":4},"end":{"line":28,"column":41}}],"line":26}},"s":{"0":0,"1":0,"2":0,"3":0,"4":0,"5":0,"6":0,"7":0,"8":0,"9":0},"f":{"0":0},"b":{"0":[0,0],"1":[0,0,0]},"hash":"295e022a834b5ec4b9ece80a73a3d304b4100846"}
,"/Users/rxluz/Documents/GitHub/booksys/src/reducers/index.js": {"path":"/Users/rxluz/Documents/GitHub/booksys/src/reducers/index.js","statementMap":{},"fnMap":{},"branchMap":{},"s":{},"f":{},"b":{},"hash":"95b19899b507fe717f556ffaf7cb0f80b39c19ae"}
,"/Users/rxluz/Documents/GitHub/booksys/src/reducers/settings.js": {"path":"/Users/rxluz/Documents/GitHub/booksys/src/reducers/settings.js","statementMap":{"0":{"start":{"line":3,"column":24},"end":{"line":5,"column":2}},"1":{"start":{"line":3,"column":31},"end":{"line":5,"column":1}},"2":{"start":{"line":7,"column":13},"end":{"line":9,"column":2}},"3":{"start":{"line":7,"column":25},"end":{"line":9,"column":1}},"4":{"start":{"line":8,"column":36},"end":{"line":8,"column":75}}},"fnMap":{"0":{"name":"(anonymous_0)","decl":{"start":{"line":3,"column":24},"end":{"line":3,"column":25}},"loc":{"start":{"line":3,"column":31},"end":{"line":5,"column":1}},"line":3},"1":{"name":"(anonymous_1)","decl":{"start":{"line":7,"column":13},"end":{"line":7,"column":14}},"loc":{"start":{"line":7,"column":25},"end":{"line":9,"column":1}},"line":7},"2":{"name":"(anonymous_2)","decl":{"start":{"line":8,"column":29},"end":{"line":8,"column":30}},"loc":{"start":{"line":8,"column":36},"end":{"line":8,"column":75}},"line":8}},"branchMap":{},"s":{"0":0,"1":0,"2":0,"3":0,"4":0},"f":{"0":0,"1":0,"2":0},"b":{},"hash":"88ee0a0b73fcb8eef6b04d6c2425d20bd58e2794"}
}
