TN:
SF:/Users/rxluz/Documents/GitHub/booksys/src/index.js
FN:49,(anonymous_0)
FNF:1
FNH:0
FNDA:0,(anonymous_0)
DA:20,0
DA:22,0
DA:28,0
DA:47,0
DA:49,0
DA:50,0
DA:52,0
DA:53,0
LF:8
LH:0
BRF:0
BRH:0
end_of_record
TN:
SF:/Users/rxluz/Documents/GitHub/booksys/src/serviceWorker.js
FN:23,register
FN:34,(anonymous_1)
FN:43,(anonymous_2)
FN:57,registerValidSW
FN:60,(anonymous_4)
FN:61,(anonymous_5)
FN:66,(anonymous_6)
FN:96,(anonymous_7)
FN:101,checkValidServiceWorker
FN:106,(anonymous_9)
FN:114,(anonymous_10)
FN:115,(anonymous_11)
FN:124,(anonymous_12)
FN:131,unregister
FN:134,(anonymous_14)
FN:137,(anonymous_15)
FNF:16
FNH:0
FNDA:0,register
FNDA:0,(anonymous_1)
FNDA:0,(anonymous_2)
FNDA:0,registerValidSW
FNDA:0,(anonymous_4)
FNDA:0,(anonymous_5)
FNDA:0,(anonymous_6)
FNDA:0,(anonymous_7)
FNDA:0,checkValidServiceWorker
FNDA:0,(anonymous_9)
FNDA:0,(anonymous_10)
FNDA:0,(anonymous_11)
FNDA:0,(anonymous_12)
FNDA:0,unregister
FNDA:0,(anonymous_14)
FNDA:0,(anonymous_15)
DA:13,0
DA:24,0
DA:26,0
DA:27,0
DA:31,0
DA:34,0
DA:35,0
DA:37,0
DA:39,0
DA:43,0
DA:44,0
DA:51,0
DA:58,0
DA:61,0
DA:62,0
DA:63,0
DA:64,0
DA:66,0
DA:67,0
DA:68,0
DA:72,0
DA:78,0
DA:79,0
DA:85,0
DA:88,0
DA:89,0
DA:97,0
DA:103,0
DA:108,0
DA:109,0
DA:114,0
DA:115,0
DA:116,0
DA:121,0
DA:125,0
DA:132,0
DA:133,0
DA:135,0
DA:138,0
LF:39
LH:0
BRDA:14,0,0,0
BRDA:14,0,1,0
BRDA:14,0,2,0
BRDA:24,1,0,0
BRDA:24,1,1,0
BRDA:24,2,0,0
BRDA:24,2,1,0
BRDA:27,3,0,0
BRDA:27,3,1,0
BRDA:37,4,0,0
BRDA:37,4,1,0
BRDA:63,5,0,0
BRDA:63,5,1,0
BRDA:67,6,0,0
BRDA:67,6,1,0
BRDA:68,7,0,0
BRDA:68,7,1,0
BRDA:78,8,0,0
BRDA:78,8,1,0
BRDA:78,9,0,0
BRDA:78,9,1,0
BRDA:88,10,0,0
BRDA:88,10,1,0
BRDA:88,11,0,0
BRDA:88,11,1,0
BRDA:109,12,0,0
BRDA:109,12,1,0
BRDA:110,13,0,0
BRDA:110,13,1,0
BRDA:110,13,2,0
BRDA:132,14,0,0
BRDA:132,14,1,0
BRF:32
BRH:0
end_of_record
TN:
SF:/Users/rxluz/Documents/GitHub/booksys/src/common/components/button/Button.js
FN:6,(anonymous_0)
FN:9,(anonymous_1)
FNF:2
FNH:1
FNDA:19,(anonymous_0)
FNDA:0,(anonymous_1)
DA:6,6
DA:7,19
DA:9,0
DA:16,6
DA:20,6
LF:5
LH:4
BRDA:9,0,0,0
BRDA:9,0,1,0
BRF:2
BRH:0
end_of_record
TN:
SF:/Users/rxluz/Documents/GitHub/booksys/src/common/components/button/Button.stories.js
FN:35,(anonymous_0)
FNF:1
FNH:0
FNDA:0,(anonymous_0)
DA:7,0
DA:9,0
DA:35,0
DA:36,0
LF:4
LH:0
BRF:0
BRH:0
end_of_record
TN:
SF:/Users/rxluz/Documents/GitHub/booksys/src/common/components/button/index.js
FNF:0
FNH:0
LF:0
LH:0
BRF:0
BRH:0
end_of_record
TN:
SF:/Users/rxluz/Documents/GitHub/booksys/src/common/components/companyCard/CompanyCard.js
FN:10,(anonymous_0)
FN:49,(anonymous_1)
FNF:2
FNH:1
FNDA:2,(anonymous_0)
FNDA:0,(anonymous_1)
DA:10,1
DA:11,2
DA:13,2
DA:15,2
DA:47,1
DA:49,0
LF:6
LH:5
BRF:0
BRH:0
end_of_record
TN:
SF:/Users/rxluz/Documents/GitHub/booksys/src/common/components/companyCard/CompanyCard.stories.js
FN:38,(anonymous_0)
FNF:1
FNH:0
FNDA:0,(anonymous_0)
DA:6,0
DA:8,0
DA:38,0
DA:39,0
LF:4
LH:0
BRF:0
BRH:0
end_of_record
TN:
SF:/Users/rxluz/Documents/GitHub/booksys/src/common/components/companyCard/index.js
FNF:0
FNH:0
LF:0
LH:0
BRF:0
BRH:0
end_of_record
TN:
SF:/Users/rxluz/Documents/GitHub/booksys/src/common/components/input/Input.js
FN:9,(anonymous_0)
FN:27,(anonymous_1)
FN:45,(anonymous_2)
FN:47,(anonymous_3)
FN:52,(anonymous_4)
FN:62,(anonymous_5)
FN:69,(anonymous_6)
FN:83,(anonymous_7)
FN:110,(anonymous_8)
FNF:9
FNH:4
FNDA:16,(anonymous_0)
FNDA:16,(anonymous_1)
FNDA:0,(anonymous_2)
FNDA:0,(anonymous_3)
FNDA:0,(anonymous_4)
FNDA:0,(anonymous_5)
FNDA:10,(anonymous_6)
FNDA:6,(anonymous_7)
FNDA:0,(anonymous_8)
DA:9,3
DA:10,16
DA:11,11
DA:14,5
DA:27,3
DA:43,16
DA:44,16
DA:45,16
DA:47,16
DA:48,0
DA:49,0
DA:52,16
DA:53,0
DA:54,0
DA:62,16
DA:63,0
DA:64,0
DA:68,16
DA:70,10
DA:84,6
DA:111,0
DA:120,16
DA:139,3
DA:146,3
LF:24
LH:17
BRDA:10,0,0,11
BRDA:10,0,1,5
BRDA:15,1,0,5
BRDA:15,1,1,1
BRDA:15,1,2,1
BRDA:44,2,0,5
BRDA:44,2,1,11
BRDA:49,3,0,0
BRDA:49,3,1,0
BRDA:53,4,0,0
BRDA:53,4,1,0
BRDA:63,5,0,0
BRDA:63,5,1,0
BRDA:85,6,0,6
BRDA:85,6,1,3
BRDA:85,6,2,0
BRDA:85,6,3,0
BRDA:104,7,0,6
BRDA:104,7,1,6
BRDA:109,8,0,6
BRDA:109,8,1,6
BRDA:122,9,0,16
BRDA:122,9,1,12
BRDA:128,10,0,16
BRDA:128,10,1,16
BRF:25
BRH:17
end_of_record
TN:
SF:/Users/rxluz/Documents/GitHub/booksys/src/common/components/input/Input.stories.js
FN:60,(anonymous_0)
FNF:1
FNH:0
FNDA:0,(anonymous_0)
DA:7,0
DA:11,0
DA:60,0
LF:3
LH:0
BRF:0
BRH:0
end_of_record
TN:
SF:/Users/rxluz/Documents/GitHub/booksys/src/common/components/input/index.js
FNF:0
FNH:0
LF:0
LH:0
BRF:0
BRH:0
end_of_record
TN:
SF:/Users/rxluz/Documents/GitHub/booksys/src/common/components/loading/Loading.js
FN:4,(anonymous_0)
FNF:1
FNH:1
FNDA:1,(anonymous_0)
DA:4,1
DA:5,1
LF:2
LH:2
BRF:0
BRH:0
end_of_record
TN:
SF:/Users/rxluz/Documents/GitHub/booksys/src/common/components/loading/index.js
FNF:0
FNH:0
LF:0
LH:0
BRF:0
BRH:0
end_of_record
TN:
SF:/Users/rxluz/Documents/GitHub/booksys/src/common/components/officeCard/OfficeCard.js
FN:11,(anonymous_0)
FN:36,(anonymous_1)
FN:43,(anonymous_2)
FNF:3
FNH:1
FNDA:4,(anonymous_0)
FNDA:0,(anonymous_1)
FNDA:0,(anonymous_2)
DA:11,2
DA:12,4
DA:14,4
DA:36,0
DA:42,2
DA:43,0
DA:46,2
LF:7
LH:5
BRF:0
BRH:0
end_of_record
TN:
SF:/Users/rxluz/Documents/GitHub/booksys/src/common/components/officeCard/OfficeCard.stories.js
FN:31,(anonymous_0)
FNF:1
FNH:0
FNDA:0,(anonymous_0)
DA:7,0
DA:9,0
DA:31,0
LF:3
LH:0
BRF:0
BRH:0
end_of_record
TN:
SF:/Users/rxluz/Documents/GitHub/booksys/src/common/components/officeCard/index.js
FNF:0
FNH:0
LF:0
LH:0
BRF:0
BRH:0
end_of_record
TN:
SF:/Users/rxluz/Documents/GitHub/booksys/src/common/components/pagination/Pagination.js
FN:6,(anonymous_0)
FN:24,(anonymous_1)
FNF:2
FNH:1
FNDA:1,(anonymous_0)
FNDA:0,(anonymous_1)
DA:6,2
DA:7,1
DA:23,2
DA:24,0
DA:27,2
LF:5
LH:4
BRF:0
BRH:0
end_of_record
TN:
SF:/Users/rxluz/Documents/GitHub/booksys/src/common/components/pagination/Pagination.stories.js
FN:31,(anonymous_0)
FNF:1
FNH:0
FNDA:0,(anonymous_0)
DA:7,0
DA:9,0
DA:31,0
LF:3
LH:0
BRF:0
BRH:0
end_of_record
TN:
SF:/Users/rxluz/Documents/GitHub/booksys/src/common/components/pagination/index.js
FNF:0
FNH:0
LF:0
LH:0
BRF:0
BRH:0
end_of_record
TN:
SF:/Users/rxluz/Documents/GitHub/booksys/src/common/components/warning/Warning.js
FN:7,(anonymous_0)
FNF:1
FNH:1
FNDA:4,(anonymous_0)
DA:7,2
DA:17,4
DA:42,2
LF:3
LH:3
BRDA:19,0,0,4
BRDA:19,0,1,4
BRDA:24,1,0,4
BRDA:24,1,1,4
BRDA:25,2,0,4
BRDA:25,2,1,4
BRDA:26,3,0,4
BRDA:26,3,1,4
BRDA:28,4,0,4
BRDA:28,4,1,4
BRF:10
BRH:10
end_of_record
TN:
SF:/Users/rxluz/Documents/GitHub/booksys/src/common/components/warning/Warning.stories.js
FN:49,(anonymous_0)
FNF:1
FNH:0
FNDA:0,(anonymous_0)
DA:8,0
DA:10,0
DA:49,0
LF:3
LH:0
BRF:0
BRH:0
end_of_record
TN:
SF:/Users/rxluz/Documents/GitHub/booksys/src/common/components/warning/index.js
FNF:0
FNH:0
LF:0
LH:0
BRF:0
BRH:0
end_of_record
TN:
SF:/Users/rxluz/Documents/GitHub/booksys/src/common/locales/translations.js
FNF:0
FNH:0
DA:1,0
LF:1
LH:0
BRF:0
BRH:0
end_of_record
TN:
SF:/Users/rxluz/Documents/GitHub/booksys/src/common/routes/RoutesList.js
FN:8,(anonymous_0)
FNF:1
FNH:0
FNDA:0,(anonymous_0)
DA:8,0
DA:9,0
LF:2
LH:0
BRF:0
BRH:0
end_of_record
TN:
SF:/Users/rxluz/Documents/GitHub/booksys/src/common/routes/TestRoute.js
FN:1,(anonymous_0)
FNF:1
FNH:0
FNDA:0,(anonymous_0)
DA:1,0
DA:2,0
LF:2
LH:0
BRF:0
BRH:0
end_of_record
TN:
SF:/Users/rxluz/Documents/GitHub/booksys/src/common/utils/browser.utils.js
FN:3,(anonymous_0)
FN:6,(anonymous_1)
FNF:2
FNH:1
FNDA:0,(anonymous_0)
FNDA:10,(anonymous_1)
DA:3,3
DA:4,0
DA:6,10
LF:3
LH:2
BRDA:4,0,0,0
BRDA:4,0,1,0
BRF:2
BRH:0
end_of_record
TN:
SF:/Users/rxluz/Documents/GitHub/booksys/src/common/utils/colours.constants.js
FNF:0
FNH:0
DA:1,0
LF:1
LH:0
BRF:0
BRH:0
end_of_record
TN:
SF:/Users/rxluz/Documents/GitHub/booksys/src/common/utils/general.constants.js
FN:7,(anonymous_0)
FNF:1
FNH:1
FNDA:2,(anonymous_0)
DA:1,6
DA:3,6
DA:5,6
DA:7,6
DA:9,6
DA:11,6
DA:23,6
LF:7
LH:7
BRF:0
BRH:0
end_of_record
TN:
SF:/Users/rxluz/Documents/GitHub/booksys/src/common/utils/general.utils.js
FN:3,(anonymous_0)
FN:5,(anonymous_1)
FN:7,(anonymous_2)
FN:7,(anonymous_3)
FN:16,(anonymous_4)
FN:21,(anonymous_5)
FN:30,(anonymous_6)
FN:36,(anonymous_7)
FN:38,(anonymous_8)
FN:39,(anonymous_9)
FN:43,(anonymous_10)
FN:46,(anonymous_11)
FN:47,(anonymous_12)
FN:60,(anonymous_13)
FN:62,(anonymous_14)
FN:64,(anonymous_15)
FN:65,(anonymous_16)
FN:76,(anonymous_17)
FN:77,(anonymous_18)
FN:79,(anonymous_19)
FN:80,(anonymous_20)
FN:86,(anonymous_21)
FN:89,(anonymous_22)
FN:92,(anonymous_23)
FN:93,(anonymous_24)
FN:95,(anonymous_25)
FN:101,(anonymous_26)
FN:106,(anonymous_27)
FN:112,(anonymous_28)
FN:114,(anonymous_29)
FN:117,(anonymous_30)
FN:135,(anonymous_31)
FNF:32
FNH:16
FNDA:0,(anonymous_0)
FNDA:2,(anonymous_1)
FNDA:16,(anonymous_2)
FNDA:0,(anonymous_3)
FNDA:4,(anonymous_4)
FNDA:4,(anonymous_5)
FNDA:10,(anonymous_6)
FNDA:2,(anonymous_7)
FNDA:2,(anonymous_8)
FNDA:0,(anonymous_9)
FNDA:1,(anonymous_10)
FNDA:0,(anonymous_11)
FNDA:0,(anonymous_12)
FNDA:0,(anonymous_13)
FNDA:0,(anonymous_14)
FNDA:0,(anonymous_15)
FNDA:0,(anonymous_16)
FNDA:2,(anonymous_17)
FNDA:2,(anonymous_18)
FNDA:0,(anonymous_19)
FNDA:0,(anonymous_20)
FNDA:3,(anonymous_21)
FNDA:1,(anonymous_22)
FNDA:0,(anonymous_23)
FNDA:0,(anonymous_24)
FNDA:2,(anonymous_25)
FNDA:7,(anonymous_26)
FNDA:2,(anonymous_27)
FNDA:0,(anonymous_28)
FNDA:3,(anonymous_29)
FNDA:0,(anonymous_30)
FNDA:0,(anonymous_31)
DA:3,6
DA:5,6
DA:7,16
DA:10,0
DA:16,6
DA:17,4
DA:21,6
DA:22,4
DA:25,4
DA:27,4
DA:30,10
DA:36,6
DA:38,2
DA:39,0
DA:43,6
DA:44,1
DA:47,0
DA:48,0
DA:55,0
DA:60,0
DA:62,6
DA:63,0
DA:65,0
DA:70,0
DA:76,6
DA:78,2
DA:79,0
DA:81,0
DA:86,6
DA:87,3
DA:89,6
DA:90,1
DA:92,6
DA:93,0
DA:95,6
DA:96,2
DA:97,2
DA:98,2
DA:101,6
DA:102,7
DA:103,7
DA:106,6
DA:107,2
DA:108,2
DA:109,2
DA:112,6
DA:114,6
DA:115,3
DA:118,0
DA:119,0
DA:120,0
DA:123,0
DA:125,0
DA:130,0
DA:135,0
LF:55
LH:36
BRDA:7,0,0,16
BRDA:7,1,0,6
BRDA:11,2,0,0
BRDA:11,2,1,0
BRDA:17,3,0,0
BRDA:17,3,1,4
BRDA:25,4,0,4
BRDA:25,4,1,4
BRDA:25,4,2,0
BRDA:25,4,3,0
BRDA:27,5,0,4
BRDA:27,5,1,4
BRDA:30,6,0,10
BRDA:30,7,0,10
BRDA:67,8,0,0
BRDA:67,8,1,0
BRDA:78,9,0,2
BRDA:78,9,1,0
BRDA:81,10,0,0
BRDA:81,10,1,0
BRDA:87,11,0,0
BRDA:87,11,1,3
BRDA:115,12,0,3
BRDA:115,12,1,0
BRDA:119,13,0,0
BRDA:119,13,1,0
BRF:26
BRH:12
end_of_record
TN:
SF:/Users/rxluz/Documents/GitHub/booksys/src/common/utils/os.utils.js
FN:1,(anonymous_0)
FNF:1
FNH:0
FNDA:0,(anonymous_0)
DA:1,0
LF:1
LH:0
BRF:0
BRH:0
end_of_record
TN:
SF:/Users/rxluz/Documents/GitHub/booksys/src/common/utils/state.utils.js
FN:1,(anonymous_0)
FN:1,(anonymous_1)
FN:4,(anonymous_2)
FN:4,(anonymous_3)
FN:4,(anonymous_4)
FNF:5
FNH:0
FNDA:0,(anonymous_0)
FNDA:0,(anonymous_1)
FNDA:0,(anonymous_2)
FNDA:0,(anonymous_3)
FNDA:0,(anonymous_4)
DA:1,0
DA:2,0
DA:4,0
DA:5,0
LF:4
LH:0
BRDA:1,0,0,0
BRDA:1,1,0,0
BRDA:2,2,0,0
BRDA:2,2,1,0
BRDA:4,3,0,0
BRF:5
BRH:0
end_of_record
TN:
SF:/Users/rxluz/Documents/GitHub/booksys/src/common/utils/storybookMode.js
FN:6,(anonymous_0)
FN:10,(anonymous_1)
FN:12,(anonymous_2)
FN:12,(anonymous_3)
FN:13,(anonymous_4)
FN:30,(anonymous_5)
FNF:6
FNH:0
FNDA:0,(anonymous_0)
FNDA:0,(anonymous_1)
FNDA:0,(anonymous_2)
FNDA:0,(anonymous_3)
FNDA:0,(anonymous_4)
FNDA:0,(anonymous_5)
DA:6,0
DA:7,0
DA:10,0
DA:12,0
DA:13,0
DA:14,0
DA:19,0
DA:20,0
DA:27,0
DA:30,0
LF:10
LH:0
BRDA:6,0,0,0
BRDA:6,1,0,0
BRDA:10,2,0,0
BRDA:10,2,1,0
BRDA:12,3,0,0
BRDA:12,4,0,0
BRDA:12,5,0,0
BRDA:19,6,0,0
BRDA:19,6,1,0
BRF:9
BRH:0
end_of_record
TN:
SF:/Users/rxluz/Documents/GitHub/booksys/src/common/utils/test.utils.js
FN:1,(anonymous_0)
FN:2,(anonymous_1)
FN:6,(anonymous_2)
FNF:3
FNH:2
FNDA:10,(anonymous_0)
FNDA:72,(anonymous_1)
FNDA:0,(anonymous_2)
DA:1,10
DA:2,72
DA:6,10
LF:3
LH:3
BRDA:1,0,0,10
BRDA:1,1,0,10
BRDA:2,2,0,10
BRDA:2,2,1,0
BRDA:2,3,0,0
BRDA:2,3,1,72
BRF:6
BRH:4
end_of_record
TN:
SF:/Users/rxluz/Documents/GitHub/booksys/src/enhancers/monitorReducer.js
FN:1,(anonymous_0)
FN:3,(anonymous_1)
FN:3,(anonymous_2)
FN:4,(anonymous_3)
FNF:4
FNH:0
FNDA:0,(anonymous_0)
FNDA:0,(anonymous_1)
FNDA:0,(anonymous_2)
FNDA:0,(anonymous_3)
DA:1,0
DA:3,0
DA:4,0
DA:5,0
DA:6,0
DA:7,0
DA:8,0
DA:10,0
DA:11,0
DA:14,0
DA:17,0
LF:11
LH:0
BRDA:10,0,0,0
BRDA:10,0,1,0
BRF:2
BRH:0
end_of_record
TN:
SF:/Users/rxluz/Documents/GitHub/booksys/src/middleware/logger.js
FN:1,(anonymous_0)
FN:1,(anonymous_1)
FN:1,(anonymous_2)
FNF:3
FNH:0
FNDA:0,(anonymous_0)
FNDA:0,(anonymous_1)
FNDA:0,(anonymous_2)
DA:1,0
DA:9,0
LF:2
LH:0
BRF:0
BRH:0
end_of_record
TN:
SF:/Users/rxluz/Documents/GitHub/booksys/src/modules/booking/Booking.actions.js
FNF:0
FNH:0
DA:3,0
DA:4,0
LF:2
LH:0
BRF:0
BRH:0
end_of_record
TN:
SF:/Users/rxluz/Documents/GitHub/booksys/src/modules/booking/Booking.constants.js
FN:19,(anonymous_0)
FN:28,(anonymous_1)
FN:33,(anonymous_2)
FNF:3
FNH:2
FNDA:3,(anonymous_0)
FNDA:3,(anonymous_1)
FNDA:0,(anonymous_2)
DA:4,1
DA:12,1
DA:19,3
DA:28,3
DA:33,1
DA:34,0
DA:35,1
LF:7
LH:6
BRF:0
BRH:0
end_of_record
TN:
SF:/Users/rxluz/Documents/GitHub/booksys/src/modules/booking/Booking.js
FN:24,(anonymous_0)
FN:31,(anonymous_1)
FN:34,(anonymous_2)
FN:40,(anonymous_3)
FN:47,(anonymous_4)
FN:51,(anonymous_5)
FN:53,(anonymous_6)
FN:56,(anonymous_7)
FN:73,(anonymous_8)
FN:74,(anonymous_9)
FN:75,(anonymous_10)
FN:78,(anonymous_11)
FN:79,(anonymous_12)
FN:103,(anonymous_13)
FN:105,(anonymous_14)
FNF:15
FNH:0
FNDA:0,(anonymous_0)
FNDA:0,(anonymous_1)
FNDA:0,(anonymous_2)
FNDA:0,(anonymous_3)
FNDA:0,(anonymous_4)
FNDA:0,(anonymous_5)
FNDA:0,(anonymous_6)
FNDA:0,(anonymous_7)
FNDA:0,(anonymous_8)
FNDA:0,(anonymous_9)
FNDA:0,(anonymous_10)
FNDA:0,(anonymous_11)
FNDA:0,(anonymous_12)
FNDA:0,(anonymous_13)
FNDA:0,(anonymous_14)
DA:24,0
DA:28,0
DA:29,0
DA:31,0
DA:32,0
DA:35,0
DA:36,0
DA:38,0
DA:41,0
DA:42,0
DA:47,0
DA:48,0
DA:51,0
DA:53,0
DA:54,0
DA:55,0
DA:56,0
DA:57,0
DA:63,0
DA:72,0
DA:73,0
DA:74,0
DA:76,0
DA:78,0
DA:80,0
DA:88,0
DA:91,0
DA:99,0
DA:103,0
DA:105,0
DA:106,0
LF:31
LH:0
BRDA:31,0,0,0
BRDA:31,1,0,0
BRDA:31,2,0,0
BRDA:41,3,0,0
BRDA:41,3,1,0
BRDA:41,4,0,0
BRDA:41,4,1,0
BRDA:54,5,0,0
BRDA:54,5,1,0
BRDA:88,6,0,0
BRDA:88,6,1,0
BRF:11
BRH:0
end_of_record
TN:
SF:/Users/rxluz/Documents/GitHub/booksys/src/modules/booking/Booking.services.js
FN:6,(anonymous_0)
FN:13,(anonymous_1)
FNF:2
FNH:0
FNDA:0,(anonymous_0)
FNDA:0,(anonymous_1)
DA:6,0
DA:7,0
DA:13,0
DA:14,0
LF:4
LH:0
BRF:0
BRH:0
end_of_record
TN:
SF:/Users/rxluz/Documents/GitHub/booksys/src/modules/booking/change/Change.page.js
FN:10,(anonymous_0)
FN:11,(anonymous_1)
FN:19,(anonymous_2)
FN:35,(anonymous_3)
FN:42,(anonymous_4)
FN:44,(anonymous_5)
FN:49,(anonymous_6)
FN:55,(anonymous_7)
FN:120,(anonymous_8)
FN:141,(anonymous_9)
FNF:10
FNH:2
FNDA:1,(anonymous_0)
FNDA:0,(anonymous_1)
FNDA:0,(anonymous_2)
FNDA:1,(anonymous_3)
FNDA:0,(anonymous_4)
FNDA:0,(anonymous_5)
FNDA:0,(anonymous_6)
FNDA:0,(anonymous_7)
FNDA:0,(anonymous_8)
FNDA:0,(anonymous_9)
DA:10,1
DA:11,1
DA:12,0
DA:16,0
DA:19,0
DA:20,0
DA:21,0
DA:24,0
DA:27,0
DA:32,0
DA:35,1
DA:36,1
DA:38,1
DA:39,1
DA:40,1
DA:42,1
DA:44,1
DA:45,0
DA:46,0
DA:49,1
DA:50,0
DA:51,0
DA:52,0
DA:55,1
DA:56,0
DA:57,0
DA:60,1
DA:66,1
DA:68,1
DA:69,1
DA:70,1
DA:72,1
DA:74,1
DA:75,1
DA:121,0
DA:140,1
DA:141,0
DA:144,1
LF:38
LH:21
BRDA:12,0,0,0
BRDA:12,0,1,0
BRDA:13,1,0,0
BRDA:13,1,1,0
BRDA:20,2,0,0
BRDA:20,2,1,0
BRDA:24,3,0,0
BRDA:24,3,1,0
BRDA:24,4,0,0
BRDA:24,4,1,0
BRDA:125,5,0,1
BRDA:125,5,1,0
BRF:12
BRH:1
end_of_record
TN:
SF:/Users/rxluz/Documents/GitHub/booksys/src/modules/booking/create/Create.constants.js
FNF:0
FNH:0
DA:3,1
DA:10,1
LF:2
LH:2
BRF:0
BRH:0
end_of_record
TN:
SF:/Users/rxluz/Documents/GitHub/booksys/src/modules/booking/create/Create.js
FN:14,(anonymous_0)
FN:21,(anonymous_1)
FN:31,(anonymous_2)
FN:39,(anonymous_3)
FN:67,(anonymous_4)
FN:71,(anonymous_5)
FNF:6
FNH:0
FNDA:0,(anonymous_0)
FNDA:0,(anonymous_1)
FNDA:0,(anonymous_2)
FNDA:0,(anonymous_3)
FNDA:0,(anonymous_4)
FNDA:0,(anonymous_5)
DA:14,0
DA:15,0
DA:17,0
DA:18,0
DA:19,0
DA:21,0
DA:22,0
DA:23,0
DA:24,0
DA:26,0
DA:27,0
DA:28,0
DA:29,0
DA:31,0
DA:33,0
DA:36,0
DA:39,0
DA:40,0
DA:41,0
DA:42,0
DA:45,0
DA:61,0
DA:63,0
DA:67,0
DA:71,0
DA:72,0
LF:26
LH:0
BRDA:26,0,0,0
BRDA:26,0,1,0
BRF:2
BRH:0
end_of_record
TN:
SF:/Users/rxluz/Documents/GitHub/booksys/src/modules/booking/create/Create.page.js
FN:14,(anonymous_0)
FN:15,(anonymous_1)
FN:17,(anonymous_2)
FN:31,(anonymous_3)
FN:35,(anonymous_4)
FN:53,(anonymous_5)
FN:61,(anonymous_6)
FN:67,(anonymous_7)
FN:71,(anonymous_8)
FN:85,(anonymous_9)
FN:90,(anonymous_10)
FN:98,(anonymous_11)
FN:105,(anonymous_12)
FN:151,(anonymous_13)
FN:152,(anonymous_14)
FN:159,(anonymous_15)
FNF:16
FNH:8
FNDA:2,(anonymous_0)
FNDA:2,(anonymous_1)
FNDA:2,(anonymous_2)
FNDA:2,(anonymous_3)
FNDA:2,(anonymous_4)
FNDA:8,(anonymous_5)
FNDA:0,(anonymous_6)
FNDA:0,(anonymous_7)
FNDA:0,(anonymous_8)
FNDA:0,(anonymous_9)
FNDA:0,(anonymous_10)
FNDA:2,(anonymous_11)
FNDA:0,(anonymous_12)
FNDA:2,(anonymous_13)
FNDA:0,(anonymous_14)
FNDA:0,(anonymous_15)
DA:14,1
DA:15,2
DA:17,1
DA:18,2
DA:20,2
DA:21,0
DA:24,2
DA:25,0
DA:28,2
DA:31,1
DA:32,2
DA:35,1
DA:46,2
DA:47,2
DA:48,2
DA:49,2
DA:50,2
DA:52,2
DA:53,2
DA:54,8
DA:56,8
DA:59,2
DA:61,2
DA:62,0
DA:63,0
DA:64,0
DA:67,2
DA:68,0
DA:70,2
DA:72,0
DA:86,0
DA:91,0
DA:99,2
DA:106,0
DA:151,2
DA:152,0
DA:159,0
DA:170,2
DA:173,1
LF:39
LH:27
BRDA:15,0,0,2
BRDA:15,0,1,0
BRDA:20,1,0,0
BRDA:20,1,1,2
BRDA:24,2,0,0
BRDA:24,2,1,2
BRDA:59,3,0,2
BRDA:59,3,1,2
BRDA:159,4,0,0
BRDA:159,4,1,0
BRDA:162,5,0,0
BRDA:162,5,1,2
BRF:12
BRH:6
end_of_record
TN:
SF:/Users/rxluz/Documents/GitHub/booksys/src/modules/booking/create/Create.services.js
FN:4,(anonymous_0)
FNF:1
FNH:0
FNDA:0,(anonymous_0)
DA:4,0
DA:5,0
LF:2
LH:0
BRF:0
BRH:0
end_of_record
TN:
SF:/Users/rxluz/Documents/GitHub/booksys/src/modules/booking/status/Status.page.js
FN:8,(anonymous_0)
FN:14,(anonymous_1)
FN:20,(anonymous_2)
FN:27,(anonymous_3)
FN:34,(anonymous_4)
FN:41,(anonymous_5)
FN:49,(anonymous_6)
FN:89,(anonymous_7)
FNF:8
FNH:7
FNDA:3,(anonymous_0)
FNDA:3,(anonymous_1)
FNDA:3,(anonymous_2)
FNDA:3,(anonymous_3)
FNDA:3,(anonymous_4)
FNDA:3,(anonymous_5)
FNDA:3,(anonymous_6)
FNDA:0,(anonymous_7)
DA:8,1
DA:9,3
DA:11,3
DA:14,1
DA:15,3
DA:20,1
DA:21,3
DA:27,1
DA:28,3
DA:34,1
DA:35,3
DA:41,1
DA:42,3
DA:49,1
DA:50,3
DA:52,3
DA:88,1
DA:89,0
DA:92,1
LF:19
LH:18
BRDA:9,0,0,3
BRDA:9,0,1,0
BRDA:11,1,0,3
BRDA:11,1,1,0
BRDA:44,2,0,0
BRDA:44,2,1,3
BRDA:67,3,0,3
BRDA:67,3,1,3
BRDA:81,4,0,3
BRDA:81,4,1,3
BRF:10
BRH:7
end_of_record
TN:
SF:/Users/rxluz/Documents/GitHub/booksys/src/modules/company/Company.actions.js
FNF:0
FNH:0
DA:3,0
DA:4,0
LF:2
LH:0
BRF:0
BRH:0
end_of_record
TN:
SF:/Users/rxluz/Documents/GitHub/booksys/src/modules/company/Company.constants.js
FN:3,(anonymous_0)
FNF:1
FNH:0
FNDA:0,(anonymous_0)
DA:3,0
DA:4,0
DA:6,0
DA:13,0
LF:4
LH:0
BRF:0
BRH:0
end_of_record
TN:
SF:/Users/rxluz/Documents/GitHub/booksys/src/modules/company/Company.js
FN:13,(anonymous_0)
FN:17,(anonymous_1)
FN:32,(anonymous_2)
FN:43,(anonymous_3)
FN:71,(anonymous_4)
FN:75,(anonymous_5)
FNF:6
FNH:0
FNDA:0,(anonymous_0)
FNDA:0,(anonymous_1)
FNDA:0,(anonymous_2)
FNDA:0,(anonymous_3)
FNDA:0,(anonymous_4)
FNDA:0,(anonymous_5)
DA:13,0
DA:14,0
DA:15,0
DA:17,0
DA:18,0
DA:19,0
DA:22,0
DA:28,0
DA:30,0
DA:33,0
DA:34,0
DA:35,0
DA:38,0
DA:43,0
DA:44,0
DA:47,0
DA:48,0
DA:51,0
DA:58,0
DA:64,0
DA:71,0
DA:75,0
DA:76,0
LF:23
LH:0
BRDA:18,0,0,0
BRDA:18,0,1,0
BRDA:33,1,0,0
BRDA:33,1,1,0
BRDA:34,2,0,0
BRDA:34,2,1,0
BRDA:47,3,0,0
BRDA:47,3,1,0
BRF:8
BRH:0
end_of_record
TN:
SF:/Users/rxluz/Documents/GitHub/booksys/src/modules/company/Company.page.js
FN:8,(anonymous_0)
FN:9,(anonymous_1)
FN:16,(anonymous_2)
FN:18,(anonymous_3)
FN:26,(anonymous_4)
FNF:5
FNH:0
FNDA:0,(anonymous_0)
FNDA:0,(anonymous_1)
FNDA:0,(anonymous_2)
FNDA:0,(anonymous_3)
FNDA:0,(anonymous_4)
DA:8,0
DA:9,0
DA:10,0
DA:15,0
DA:16,0
DA:18,0
DA:22,0
DA:25,0
DA:26,0
DA:29,0
LF:10
LH:0
BRF:0
BRH:0
end_of_record
TN:
SF:/Users/rxluz/Documents/GitHub/booksys/src/modules/company/Company.services.js
FN:3,(anonymous_0)
FNF:1
FNH:0
FNDA:0,(anonymous_0)
DA:3,0
LF:1
LH:0
BRF:0
BRH:0
end_of_record
TN:
SF:/Users/rxluz/Documents/GitHub/booksys/src/modules/main/BodyClasses.js
FN:9,(anonymous_0)
FN:10,(anonymous_1)
FN:19,(anonymous_2)
FN:25,(anonymous_3)
FN:29,(anonymous_4)
FN:30,(anonymous_5)
FNF:6
FNH:0
FNDA:0,(anonymous_0)
FNDA:0,(anonymous_1)
FNDA:0,(anonymous_2)
FNDA:0,(anonymous_3)
FNDA:0,(anonymous_4)
FNDA:0,(anonymous_5)
DA:7,0
DA:9,0
DA:10,0
DA:12,0
DA:14,0
DA:15,0
DA:16,0
DA:19,0
DA:20,0
DA:21,0
DA:22,0
DA:25,0
DA:26,0
DA:29,0
DA:30,0
DA:32,0
DA:33,0
DA:34,0
DA:36,0
LF:19
LH:0
BRDA:22,0,0,0
BRDA:22,0,1,0
BRDA:26,1,0,0
BRDA:26,1,1,0
BRDA:30,2,0,0
BRF:5
BRH:0
end_of_record
TN:
SF:/Users/rxluz/Documents/GitHub/booksys/src/modules/main/Main.js
FN:17,(anonymous_0)
FN:42,(anonymous_1)
FNF:2
FNH:0
FNDA:0,(anonymous_0)
FNDA:0,(anonymous_1)
DA:17,0
DA:18,0
DA:41,0
DA:42,0
DA:45,0
LF:5
LH:0
BRF:0
BRH:0
end_of_record
TN:
SF:/Users/rxluz/Documents/GitHub/booksys/src/modules/main/NotFound.js
FN:5,(anonymous_0)
FN:15,(anonymous_1)
FNF:2
FNH:0
FNDA:0,(anonymous_0)
FNDA:0,(anonymous_1)
DA:5,0
DA:6,0
DA:14,0
DA:15,0
DA:18,0
LF:5
LH:0
BRF:0
BRH:0
end_of_record
TN:
SF:/Users/rxluz/Documents/GitHub/booksys/src/reducers/booking.js
FN:3,(anonymous_0)
FN:13,(anonymous_1)
FN:14,(anonymous_2)
FN:17,(anonymous_3)
FNF:4
FNH:0
FNDA:0,(anonymous_0)
FNDA:0,(anonymous_1)
FNDA:0,(anonymous_2)
FNDA:0,(anonymous_3)
DA:3,0
DA:13,0
DA:15,0
DA:18,0
LF:4
LH:0
BRF:0
BRH:0
end_of_record
TN:
SF:/Users/rxluz/Documents/GitHub/booksys/src/reducers/company.js
FN:3,(anonymous_0)
FN:15,(anonymous_1)
FN:16,(anonymous_2)
FN:19,(anonymous_3)
FNF:4
FNH:0
FNDA:0,(anonymous_0)
FNDA:0,(anonymous_1)
FNDA:0,(anonymous_2)
FNDA:0,(anonymous_3)
DA:3,0
DA:15,0
DA:17,0
DA:20,0
LF:4
LH:0
BRF:0
BRH:0
end_of_record
TN:
SF:/Users/rxluz/Documents/GitHub/booksys/src/reducers/configureStore.js
FN:17,configureStore
FNF:1
FNH:0
FNDA:0,configureStore
DA:10,0
DA:15,0
DA:18,0
DA:23,0
DA:26,0
DA:30,0
DA:33,0
DA:35,0
DA:37,0
DA:39,0
LF:10
LH:0
BRDA:19,0,0,0
BRDA:19,0,1,0
BRDA:26,1,0,0
BRDA:26,1,1,0
BRDA:26,1,2,0
BRF:5
BRH:0
end_of_record
TN:
SF:/Users/rxluz/Documents/GitHub/booksys/src/reducers/index.js
FNF:0
FNH:0
LF:0
LH:0
BRF:0
BRH:0
end_of_record
TN:
SF:/Users/rxluz/Documents/GitHub/booksys/src/reducers/settings.js
FN:3,(anonymous_0)
FN:7,(anonymous_1)
FN:8,(anonymous_2)
FNF:3
FNH:0
FNDA:0,(anonymous_0)
FNDA:0,(anonymous_1)
FNDA:0,(anonymous_2)
DA:3,0
DA:7,0
DA:8,0
LF:3
LH:0
BRF:0
BRH:0
end_of_record
